#
# A fatal error has been detected by the Java Runtime Environment:
#
#  SIGSEGV (0xb) at pc=0x00007f7ee99eea59, pid=411, tid=444
#
# JRE version: OpenJDK Runtime Environment (14.0.1+7) (build 14.0.1+7)
# Java VM: OpenJDK 64-Bit Server VM (14.0.1+7, mixed mode, sharing, tiered, compressed oops, g1 gc, linux-amd64)
# Problematic frame:
# V  [libjvm.so+0xbb5a59]  PhaseChaitin::Split(unsigned int, ResourceArea*)+0x1049
#
# Core dump will be written. Default location: Core dumps may be processed with "/usr/share/apport/apport %p %s %c %d %P %E" (or dumping to /home/kein/Desktop/patmat/core.411)
#
# If you would like to submit a bug report, please visit:
#   https://bugreport.java.com/bugreport/crash.jsp
#

---------------  S U M M A R Y ------------

Command Line: -Djline.terminal=jline.UnsupportedTerminal -Dsbt.log.noformat=true -Dfile.encoding=UTF-8 -Didea.managed=true -Dfile.encoding=UTF-8 /home/kein/.local/share/JetBrains/IdeaIC2020.1/Scala/launcher/sbt-launch.jar

Host: Intel(R) Core(TM) i7-7700K CPU @ 4.20GHz, 8 cores, 31G, Ubuntu 18.04.4 LTS
Time: Sat May  2 20:04:55 2020 -05 elapsed time: 7 seconds (0d 0h 0m 7s)

---------------  T H R E A D  ---------------

Current thread (0x00007f7e88709800):  JavaThread "C2 CompilerThread2" daemon [_thread_in_native, id=444, stack(0x00007f7e5b0fb000,0x00007f7e5b1fc000)]


Current CompileTask:
C2:   7145 11352       4       scala.reflect.internal.Types$Type::$eq$colon$eq (56 bytes)

Stack: [0x00007f7e5b0fb000,0x00007f7e5b1fc000],  sp=0x00007f7e5b1f71e0,  free space=1008k
Native frames: (J=compiled Java code, A=aot compiled Java code, j=interpreted, Vv=VM code, C=native code)
V  [libjvm.so+0xbb5a59]  PhaseChaitin::Split(unsigned int, ResourceArea*)+0x1049
V  [libjvm.so+0x4c784e]  PhaseChaitin::Register_Allocate()+0x51e
V  [libjvm.so+0x54f824]  Compile::Code_Gen()+0x264
V  [libjvm.so+0x5530c0]  Compile::Compile(ciEnv*, C2Compiler*, ciMethod*, int, bool, bool, bool, DirectiveSet*)+0x11a0
V  [libjvm.so+0x4a3001]  C2Compiler::compile_method(ciEnv*, ciMethod*, int, DirectiveSet*)+0xc1
V  [libjvm.so+0x55c38c]  CompileBroker::invoke_compiler_on_method(CompileTask*)+0x32c
V  [libjvm.so+0x55d768]  CompileBroker::compiler_thread_loop()+0x4e8
V  [libjvm.so+0xcc2cf2]  JavaThread::thread_main_inner()+0xe2
V  [libjvm.so+0xcc750d]  Thread::call_run()+0x10d
V  [libjvm.so+0xb24ba7]  thread_native_entry(Thread*)+0xe7


siginfo: si_signo: 11 (SIGSEGV), si_code: 1 (SEGV_MAPERR), si_addr: 0x0000000020000000

Register to memory mapping:

RAX=0x00007f7e4cb4c040 points into unknown readable memory: d0 a0 ed e9 7e 7f 00 00
RBX=0x0000000000000001 is an unknown value
RCX=0x00007f7e6c7c8b38 points into unknown readable memory: 40 c0 b4 4c 7e 7f 00 00
RDX=0x0 is NULL
RSP=0x00007f7e5b1f71e0 is pointing into the stack for thread: 0x00007f7e88709800
RBP=0x00007f7e5b1f7520 is pointing into the stack for thread: 0x00007f7e88709800
RSI=0x0000000000000001 is an unknown value
RDI=0x00007f7e4cb4c040 points into unknown readable memory: d0 a0 ed e9 7e 7f 00 00
R8 =0x0 is NULL
R9 =0x0000000000000004 is an unknown value
R10=0x00007f7e4cbf4010 points into unknown readable memory: 10 a5 46 88 7e 7f 00 00
R11=0x00007f7e4cb4c700 points into unknown readable memory: 00 00 00 00 00 00 00 00
R12=0x0000000000000029 is an unknown value
R13=0x00007f7e6c7c8aa8 points into unknown readable memory: b0 9d e4 e9 7e 7f 00 00
R14=0x0000000020000000 is an unknown value
R15=0x00007f7e5b1f7910 is pointing into the stack for thread: 0x00007f7e88709800


Registers:
RAX=0x00007f7e4cb4c040, RBX=0x0000000000000001, RCX=0x00007f7e6c7c8b38, RDX=0x0000000000000000
RSP=0x00007f7e5b1f71e0, RBP=0x00007f7e5b1f7520, RSI=0x0000000000000001, RDI=0x00007f7e4cb4c040
R8 =0x0000000000000000, R9 =0x0000000000000004, R10=0x00007f7e4cbf4010, R11=0x00007f7e4cb4c700
R12=0x0000000000000029, R13=0x00007f7e6c7c8aa8, R14=0x0000000020000000, R15=0x00007f7e5b1f7910
RIP=0x00007f7ee99eea59, EFLAGS=0x0000000000010202, CSGSFS=0x002b000000000033, ERR=0x0000000000000004
  TRAPNO=0x000000000000000e

Top of Stack: (sp=0x00007f7e5b1f71e0)
0x00007f7e5b1f71e0:   00000000000003d8 00007f7e5b1f7430
0x00007f7e5b1f71f0:   00007f7e5b1f7410 000000000000005e
0x00007f7e5b1f7200:   00000000000002f0 00007f7e4c001e10
0x00007f7e5b1f7210:   00007f7e4c0021e8 000000000000005d 

Instructions: (pc=0x00007f7ee99eea59)
0x00007f7ee99ee959:   00 00 4c 89 a5 68 fe ff ff 4d 89 fc 4d 89 ef 4c
0x00007f7ee99ee969:   89 b5 58 fe ff ff 41 89 dd eb 5a 0f 1f 40 00 49
0x00007f7ee99ee979:   8b 4f 20 44 89 e8 48 8b 04 c1 48 89 ce 44 0f b7
0x00007f7ee99ee989:   50 2c 41 83 e2 0f 66 41 83 fa 0c 0f 85 6e 06 00
0x00007f7ee99ee999:   00 48 85 c0 0f 84 65 06 00 00 48 63 70 28 49 8b
0x00007f7ee99ee9a9:   8c 24 20 01 00 00 4c 8b 95 e8 fe ff ff 48 8b 9d
0x00007f7ee99ee9b9:   b8 fe ff ff 8b 34 b1 41 39 34 1a 0f 84 3e 05 00
0x00007f7ee99ee9c9:   00 41 83 c5 01 41 8b 47 28 45 31 f6 8d 58 ff 39
0x00007f7ee99ee9d9:   fb 73 0a 49 8b 4f 20 89 d8 4c 8b 34 c1 49 8b 06
0x00007f7ee99ee9e9:   4c 89 f7 ff 50 20 49 39 c6 74 04 41 2b 5f 48 41
0x00007f7ee99ee9f9:   39 dd 77 0d 41 8b 7f 18 41 39 fd 0f 82 6e ff ff
0x00007f7ee99eea09:   ff 80 bd 38 fe ff ff 00 44 89 eb 4c 8b b5 58 fe
0x00007f7ee99eea19:   ff ff 4d 89 fd 4d 89 e7 4c 8b a5 68 fe ff ff 0f
0x00007f7ee99eea29:   84 1a 02 00 00 4d 85 f6 0f 84 f4 23 00 00 48 c7
0x00007f7ee99eea39:   85 b8 fe ff ff 00 00 00 00 45 8b 4d 18 45 85 c9
0x00007f7ee99eea49:   74 0e 49 8b 4d 20 48 8b 01 48 89 85 b8 fe ff ff
0x00007f7ee99eea59:   49 8b 06 4c 89 f7 ff 50 28 48 89 85 b0 fe ff ff
0x00007f7ee99eea69:   66 48 8d 3d a7 e2 4f 00 66 66 48 e8 37 c5 66 ff
0x00007f7ee99eea79:   48 8b 00 48 8b 80 a8 04 00 00 4c 8b b0 80 00 00
0x00007f7ee99eea89:   00 49 8b 86 00 02 00 00 49 8d 8e e8 01 00 00 48
0x00007f7ee99eea99:   83 f8 af 76 29 48 89 cf 48 8d 15 f8 9b 1f 00 be
0x00007f7ee99eeaa9:   50 00 00 00 48 89 8d 68 fe ff ff e8 07 1f 7c ff
0x00007f7ee99eeab9:   49 8b 86 00 02 00 00 48 8b 8d 68 fe ff ff 48 8d
0x00007f7ee99eeac9:   50 50 49 3b 96 08 02 00 00 0f 87 bc 16 00 00 49
0x00007f7ee99eead9:   89 96 00 02 00 00 48 85 c0 0f 84 8d 00 00 00 4c
0x00007f7ee99eeae9:   8b b5 b8 fe ff ff 48 89 c7 48 89 85 68 fe ff ff
0x00007f7ee99eeaf9:   41 8b 76 18 e8 6e 91 f3 ff 48 8d 15 9f f2 4d 00
0x00007f7ee99eeb09:   48 8b 85 68 fe ff ff 41 b8 0c 00 00 00 48 8b 8d
0x00007f7ee99eeb19:   b0 fe ff ff 66 0f 6f 3d eb 5e 28 00 48 83 c2 10
0x00007f7ee99eeb29:   48 c7 40 38 00 00 00 00 48 89 10 48 8b 50 08 48
0x00007f7ee99eeb39:   89 48 30 0f 11 78 40 66 44 89 40 2c 4c 89 32 4d
0x00007f7ee99eeb49:   85 f6 74 28 49 8b 56 10 48 85 d2 74 1f 41 8b 76 


Stack slot to memory mapping:
stack at sp + 0 slots: 0x00000000000003d8 is an unknown value
stack at sp + 1 slots: 0x00007f7e5b1f7430 is pointing into the stack for thread: 0x00007f7e88709800
stack at sp + 2 slots: 0x00007f7e5b1f7410 is pointing into the stack for thread: 0x00007f7e88709800
stack at sp + 3 slots: 0x000000000000005e is an unknown value
stack at sp + 4 slots: 0x00000000000002f0 is an unknown value
stack at sp + 5 slots: 0x00007f7e4c001e10 points into unknown readable memory: 02 00 00 00 7e 7f 00 00
stack at sp + 6 slots: 0x00007f7e4c0021e8 points into unknown readable memory: f5 27 00 00 00 00 00 00
stack at sp + 7 slots: 0x000000000000005d is an unknown value


---------------  P R O C E S S  ---------------

Threads class SMR info:
_java_thread_list=0x00007f7ee65dc300, length=20, elements={
0x00007f7ee4029800, 0x00007f7ee429d800, 0x00007f7ee429f800, 0x00007f7ee42a6800,
0x00007f7ee42a8800, 0x00007f7ee42aa800, 0x00007f7ee42ac800, 0x00007f7ee42ae800,
0x00007f7ee4306800, 0x00007f7ee430a800, 0x00007f7e88094800, 0x00007f7e88709800,
0x00007f7ee65c3800, 0x00007f7ee65be800, 0x00007f7ee65c5000, 0x00007f7ee65d8000,
0x00007f7ee65d8800, 0x00007f7ee65d9800, 0x00007f7ee65da000, 0x00007f7ee65db800
}

Java Threads: ( => current thread )
  0x00007f7ee4029800 JavaThread "main" [_thread_blocked, id=417, stack(0x00007f7eeaacb000,0x00007f7eeabcc000)]
  0x00007f7ee429d800 JavaThread "Reference Handler" daemon [_thread_blocked, id=424, stack(0x00007f7eb827e000,0x00007f7eb837f000)]
  0x00007f7ee429f800 JavaThread "Finalizer" daemon [_thread_blocked, id=425, stack(0x00007f7eb817d000,0x00007f7eb827e000)]
  0x00007f7ee42a6800 JavaThread "Signal Dispatcher" daemon [_thread_blocked, id=426, stack(0x00007f7eb807c000,0x00007f7eb817d000)]
  0x00007f7ee42a8800 JavaThread "Service Thread" daemon [_thread_blocked, id=427, stack(0x00007f7ea8d30000,0x00007f7ea8e31000)]
  0x00007f7ee42aa800 JavaThread "C2 CompilerThread0" daemon [_thread_in_native, id=428, stack(0x00007f7ea8c2f000,0x00007f7ea8d30000)]
  0x00007f7ee42ac800 JavaThread "C1 CompilerThread0" daemon [_thread_blocked, id=429, stack(0x00007f7ea8b2e000,0x00007f7ea8c2f000)]
  0x00007f7ee42ae800 JavaThread "Sweeper thread" daemon [_thread_blocked, id=430, stack(0x00007f7ea8a2d000,0x00007f7ea8b2e000)]
  0x00007f7ee4306800 JavaThread "Notification Thread" daemon [_thread_blocked, id=432, stack(0x00007f7ea892c000,0x00007f7ea8a2d000)]
  0x00007f7ee430a800 JavaThread "Common-Cleaner" daemon [_thread_blocked, id=434, stack(0x00007f7ea8729000,0x00007f7ea882a000)]
  0x00007f7e88094800 JavaThread "C2 CompilerThread1" daemon [_thread_in_native, id=435, stack(0x00007f7ea8628000,0x00007f7ea8729000)]
=>0x00007f7e88709800 JavaThread "C2 CompilerThread2" daemon [_thread_in_native, id=444, stack(0x00007f7e5b0fb000,0x00007f7e5b1fc000)]
  0x00007f7ee65c3800 JavaThread "pool-4-thread-1" [_thread_in_Java, id=513, stack(0x00007f7e5a5f4000,0x00007f7e5a6f5000)]
  0x00007f7ee65be800 JavaThread "pool-4-thread-2" [_thread_blocked, id=514, stack(0x00007f7e5a7f6000,0x00007f7e5a8f7000)]
  0x00007f7ee65c5000 JavaThread "pool-4-thread-3" [_thread_blocked, id=515, stack(0x00007f7e5abfa000,0x00007f7e5acfb000)]
  0x00007f7ee65d8000 JavaThread "pool-4-thread-4" [_thread_blocked, id=516, stack(0x00007f7e5a6f5000,0x00007f7e5a7f6000)]
  0x00007f7ee65d8800 JavaThread "pool-4-thread-5" [_thread_blocked, id=517, stack(0x00007f7e5a8f7000,0x00007f7e5a9f8000)]
  0x00007f7ee65d9800 JavaThread "pool-4-thread-6" [_thread_blocked, id=518, stack(0x00007f7e5a9f8000,0x00007f7e5aaf9000)]
  0x00007f7ee65da000 JavaThread "pool-4-thread-7" [_thread_blocked, id=519, stack(0x00007f7e5a4f3000,0x00007f7e5a5f4000)]
  0x00007f7ee65db800 JavaThread "pool-4-thread-8" [_thread_blocked, id=520, stack(0x00007f7e5aaf9000,0x00007f7e5abfa000)]

Other Threads:
  0x00007f7ee429a800 VMThread "VM Thread" [stack: 0x00007f7eb8381000,0x00007f7eb8481000] [id=423]
  0x00007f7ee4308800 WatcherThread [stack: 0x00007f7ea882c000,0x00007f7ea892c000] [id=433]
  0x00007f7ee406b000 GCTaskThread "GC Thread#0" [stack: 0x00007f7eb916f000,0x00007f7eb926f000] [id=418]
  0x00007f7ea0001000 GCTaskThread "GC Thread#1" [stack: 0x00007f7ea8528000,0x00007f7ea8628000] [id=436]
  0x00007f7ea0002800 GCTaskThread "GC Thread#2" [stack: 0x00007f7ea8426000,0x00007f7ea8526000] [id=437]
  0x00007f7ea0003800 GCTaskThread "GC Thread#3" [stack: 0x00007f7ea8324000,0x00007f7ea8424000] [id=438]
  0x00007f7ea0005000 GCTaskThread "GC Thread#4" [stack: 0x00007f7ea8222000,0x00007f7ea8322000] [id=439]
  0x00007f7ea0006800 GCTaskThread "GC Thread#5" [stack: 0x00007f7ea8120000,0x00007f7ea8220000] [id=440]
  0x00007f7ea0007800 GCTaskThread "GC Thread#6" [stack: 0x00007f7ea801e000,0x00007f7ea811e000] [id=441]
  0x00007f7ea0009000 GCTaskThread "GC Thread#7" [stack: 0x00007f7e5bf00000,0x00007f7e5c000000] [id=442]
  0x00007f7ee408c800 ConcurrentGCThread "G1 Main Marker" [stack: 0x00007f7eb906d000,0x00007f7eb916d000] [id=419]
  0x00007f7ee408e000 ConcurrentGCThread "G1 Conc#0" [stack: 0x00007f7eb8f6b000,0x00007f7eb906b000] [id=420]
  0x00007f7eac001000 ConcurrentGCThread "G1 Conc#1" [stack: 0x00007f7e5b3fe000,0x00007f7e5b4fe000] [id=443]
  0x00007f7ee420d800 ConcurrentGCThread "G1 Refine#0" [stack: 0x00007f7eb8661000,0x00007f7eb8761000] [id=421]
  0x00007f7ea4003800 ConcurrentGCThread "G1 Refine#1" [stack: 0x00007f7e590f2000,0x00007f7e591f2000] [id=472]
  0x00007f7e4006f000 ConcurrentGCThread "G1 Refine#2" [stack: 0x00007f7e58ff0000,0x00007f7e590f0000] [id=476]
  0x00007f7e3401a000 ConcurrentGCThread "G1 Refine#3" [stack: 0x00007f7e58eee000,0x00007f7e58fee000] [id=478]
  0x00007f7e2c053000 ConcurrentGCThread "G1 Refine#4" [stack: 0x00007f7e58dec000,0x00007f7e58eec000] [id=480]
  0x00007f7ee420f000 ConcurrentGCThread "G1 Young RemSet Sampling" [stack: 0x00007f7eb855f000,0x00007f7eb865f000] [id=422]

Threads with active compile tasks:
C2 CompilerThread0     7149 11287       4       scala.reflect.internal.pickling.UnPickler$Scan::readSymbol (581 bytes)
C2 CompilerThread1     7149 11351       4       scala.reflect.internal.BaseTypeSeqs$class::compoundBaseTypeSeq (597 bytes)
C2 CompilerThread2     7149 11352       4       scala.reflect.internal.Types$Type::$eq$colon$eq (56 bytes)

VM state:not at safepoint (normal execution)

VM Mutex/Monitor currently owned by a thread: None

Heap address: 0x000000060ae00000, size: 8018 MB, Compressed Oops mode: Zero based, Oop shift amount: 3
Narrow klass base: 0x0000000800000000, Narrow klass shift: 3
Compressed class space size: 1073741824 Address: 0x0000000800b0f000

Heap:
 garbage-first heap   total 376832K, used 267293K [0x000000060ae00000, 0x0000000800000000)
  region size 2048K, 88 young (180224K), 4 survivors (8192K)
 Metaspace       used 63460K, capacity 64119K, committed 65488K, reserved 1103872K
  class space    used 11465K, capacity 11701K, committed 11732K, reserved 1048576K
Heap Regions: E=young(eden), S=young(survivor), O=old, HS=humongous(starts), HC=humongous(continues), CS=collection set, F=free, OA=open archive, CA=closed archive, TAMS=top-at-mark-start (previous, next)
|   0|0x000000060ae00000, 0x000000060b000000, 0x000000060b000000|100%| O|  |TAMS 0x000000060b000000, 0x000000060ae00000| Untracked 
|   1|0x000000060b000000, 0x000000060b1ffff0, 0x000000060b200000| 99%| O|  |TAMS 0x000000060b1ffff0, 0x000000060b000000| Untracked 
|   2|0x000000060b200000, 0x000000060b3ffff0, 0x000000060b400000| 99%| O|  |TAMS 0x000000060b3ffff0, 0x000000060b200000| Untracked 
|   3|0x000000060b400000, 0x000000060b600000, 0x000000060b600000|100%| O|  |TAMS 0x000000060b600000, 0x000000060b400000| Untracked 
|   4|0x000000060b600000, 0x000000060b7ffff8, 0x000000060b800000| 99%| O|  |TAMS 0x000000060b7ffff8, 0x000000060b600000| Untracked 
|   5|0x000000060b800000, 0x000000060b9ffff0, 0x000000060ba00000| 99%| O|  |TAMS 0x000000060b9ffff0, 0x000000060b800000| Untracked 
|   6|0x000000060ba00000, 0x000000060bbf0bc0, 0x000000060bc00000| 97%| O|  |TAMS 0x000000060bbf0bc0, 0x000000060ba00000| Untracked 
|   7|0x000000060bc00000, 0x000000060bc33c80, 0x000000060be00000| 10%| O|  |TAMS 0x000000060bc33c80, 0x000000060bc00000| Untracked 
|   8|0x000000060be00000, 0x000000060c000000, 0x000000060c000000|100%| O|  |TAMS 0x000000060c000000, 0x000000060be00000| Untracked 
|   9|0x000000060c000000, 0x000000060c200000, 0x000000060c200000|100%| O|  |TAMS 0x000000060c200000, 0x000000060c000000| Untracked 
|  10|0x000000060c200000, 0x000000060c400000, 0x000000060c400000|100%| O|  |TAMS 0x000000060c400000, 0x000000060c200000| Untracked 
|  11|0x000000060c400000, 0x000000060c600000, 0x000000060c600000|100%| O|  |TAMS 0x000000060c600000, 0x000000060c400000| Untracked 
|  12|0x000000060c600000, 0x000000060c800000, 0x000000060c800000|100%| O|  |TAMS 0x000000060c800000, 0x000000060c600000| Untracked 
|  13|0x000000060c800000, 0x000000060ca00000, 0x000000060ca00000|100%| O|  |TAMS 0x000000060ca00000, 0x000000060c800000| Untracked 
|  14|0x000000060ca00000, 0x000000060cc00000, 0x000000060cc00000|100%| O|  |TAMS 0x000000060cc00000, 0x000000060ca00000| Untracked 
|  15|0x000000060cc00000, 0x000000060ce00000, 0x000000060ce00000|100%| O|  |TAMS 0x000000060ce00000, 0x000000060cc00000| Untracked 
|  16|0x000000060ce00000, 0x000000060d000000, 0x000000060d000000|100%| O|  |TAMS 0x000000060d000000, 0x000000060ce00000| Untracked 
|  17|0x000000060d000000, 0x000000060d200000, 0x000000060d200000|100%| O|  |TAMS 0x000000060d200000, 0x000000060d000000| Untracked 
|  18|0x000000060d200000, 0x000000060d400000, 0x000000060d400000|100%| O|  |TAMS 0x000000060d400000, 0x000000060d200000| Untracked 
|  19|0x000000060d400000, 0x000000060d600000, 0x000000060d600000|100%| O|  |TAMS 0x000000060d600000, 0x000000060d400000| Untracked 
|  20|0x000000060d600000, 0x000000060d800000, 0x000000060d800000|100%| O|  |TAMS 0x000000060d800000, 0x000000060d600000| Untracked 
|  21|0x000000060d800000, 0x000000060da00000, 0x000000060da00000|100%| O|  |TAMS 0x000000060da00000, 0x000000060d800000| Untracked 
|  22|0x000000060da00000, 0x000000060dc00000, 0x000000060dc00000|100%| O|  |TAMS 0x000000060dc00000, 0x000000060da00000| Untracked 
|  23|0x000000060dc00000, 0x000000060de00000, 0x000000060de00000|100%| O|  |TAMS 0x000000060de00000, 0x000000060dc00000| Untracked 
|  24|0x000000060de00000, 0x000000060e000000, 0x000000060e000000|100%| O|  |TAMS 0x000000060e000000, 0x000000060de00000| Untracked 
|  25|0x000000060e000000, 0x000000060e200000, 0x000000060e200000|100%| O|  |TAMS 0x000000060e200000, 0x000000060e000000| Untracked 
|  26|0x000000060e200000, 0x000000060e400000, 0x000000060e400000|100%| O|  |TAMS 0x000000060e400000, 0x000000060e200000| Untracked 
|  27|0x000000060e400000, 0x000000060e600000, 0x000000060e600000|100%|HS|  |TAMS 0x000000060e600000, 0x000000060e400000| Complete 
|  28|0x000000060e600000, 0x000000060e800000, 0x000000060e800000|100%|HC|  |TAMS 0x000000060e800000, 0x000000060e600000| Complete 
|  29|0x000000060e800000, 0x000000060ea00000, 0x000000060ea00000|100%| O|  |TAMS 0x000000060ea00000, 0x000000060e800000| Untracked 
|  30|0x000000060ea00000, 0x000000060ec00000, 0x000000060ec00000|100%| O|  |TAMS 0x000000060ec00000, 0x000000060ea00000| Untracked 
|  31|0x000000060ec00000, 0x000000060ee00000, 0x000000060ee00000|100%| O|  |TAMS 0x000000060ee00000, 0x000000060ec00000| Untracked 
|  32|0x000000060ee00000, 0x000000060f000000, 0x000000060f000000|100%| O|  |TAMS 0x000000060f000000, 0x000000060ee00000| Untracked 
|  33|0x000000060f000000, 0x000000060f200000, 0x000000060f200000|100%| O|  |TAMS 0x000000060f200000, 0x000000060f000000| Untracked 
|  34|0x000000060f200000, 0x000000060f400000, 0x000000060f400000|100%| O|  |TAMS 0x000000060f400000, 0x000000060f200000| Untracked 
|  35|0x000000060f400000, 0x000000060f600000, 0x000000060f600000|100%| O|  |TAMS 0x000000060f600000, 0x000000060f400000| Untracked 
|  36|0x000000060f600000, 0x000000060f800000, 0x000000060f800000|100%| O|  |TAMS 0x000000060f800000, 0x000000060f600000| Untracked 
|  37|0x000000060f800000, 0x000000060fa00000, 0x000000060fa00000|100%| O|  |TAMS 0x000000060fa00000, 0x000000060f800000| Untracked 
|  38|0x000000060fa00000, 0x000000060fc00000, 0x000000060fc00000|100%| O|  |TAMS 0x000000060fc00000, 0x000000060fa00000| Untracked 
|  39|0x000000060fc00000, 0x000000060fe00000, 0x000000060fe00000|100%| O|  |TAMS 0x000000060fe00000, 0x000000060fc00000| Untracked 
|  40|0x000000060fe00000, 0x0000000610000000, 0x0000000610000000|100%| O|  |TAMS 0x0000000610000000, 0x000000060fe00000| Untracked 
|  41|0x0000000610000000, 0x0000000610200000, 0x0000000610200000|100%| O|  |TAMS 0x0000000610200000, 0x0000000610000000| Untracked 
|  42|0x0000000610200000, 0x0000000610400000, 0x0000000610400000|100%| O|  |TAMS 0x0000000610400000, 0x0000000610200000| Untracked 
|  43|0x0000000610400000, 0x0000000610511e00, 0x0000000610600000| 53%| O|  |TAMS 0x0000000610511e00, 0x0000000610400000| Untracked 
|  44|0x0000000610600000, 0x0000000610800000, 0x0000000610800000|100%|HS|  |TAMS 0x0000000610600000, 0x0000000610600000| Complete 
|  45|0x0000000610800000, 0x0000000610800000, 0x0000000610a00000|  0%| F|  |TAMS 0x0000000610800000, 0x0000000610800000| Untracked 
|  46|0x0000000610a00000, 0x0000000610a00000, 0x0000000610c00000|  0%| F|  |TAMS 0x0000000610a00000, 0x0000000610a00000| Untracked 
|  47|0x0000000610c00000, 0x0000000610c00000, 0x0000000610e00000|  0%| F|  |TAMS 0x0000000610c00000, 0x0000000610c00000| Untracked 
|  48|0x0000000610e00000, 0x0000000610e00000, 0x0000000611000000|  0%| F|  |TAMS 0x0000000610e00000, 0x0000000610e00000| Untracked 
|  49|0x0000000611000000, 0x0000000611000000, 0x0000000611200000|  0%| F|  |TAMS 0x0000000611000000, 0x0000000611000000| Untracked 
|  50|0x0000000611200000, 0x0000000611200000, 0x0000000611400000|  0%| F|  |TAMS 0x0000000611200000, 0x0000000611200000| Untracked 
|  51|0x0000000611400000, 0x0000000611400000, 0x0000000611600000|  0%| F|  |TAMS 0x0000000611400000, 0x0000000611400000| Untracked 
|  52|0x0000000611600000, 0x0000000611800000, 0x0000000611800000|100%| S|CS|TAMS 0x0000000611600000, 0x0000000611600000| Complete 
|  53|0x0000000611800000, 0x0000000611a00000, 0x0000000611a00000|100%| S|CS|TAMS 0x0000000611800000, 0x0000000611800000| Complete 
|  54|0x0000000611a00000, 0x0000000611c00000, 0x0000000611c00000|100%| S|CS|TAMS 0x0000000611a00000, 0x0000000611a00000| Complete 
|  55|0x0000000611c00000, 0x0000000611e00000, 0x0000000611e00000|100%| S|CS|TAMS 0x0000000611c00000, 0x0000000611c00000| Complete 
|  56|0x0000000611e00000, 0x0000000611e00000, 0x0000000612000000|  0%| F|  |TAMS 0x0000000611e00000, 0x0000000611e00000| Untracked 
|  57|0x0000000612000000, 0x0000000612000000, 0x0000000612200000|  0%| F|  |TAMS 0x0000000612000000, 0x0000000612000000| Untracked 
|  58|0x0000000612200000, 0x0000000612200000, 0x0000000612400000|  0%| F|  |TAMS 0x0000000612200000, 0x0000000612200000| Untracked 
|  59|0x0000000612400000, 0x0000000612400000, 0x0000000612600000|  0%| F|  |TAMS 0x0000000612400000, 0x0000000612400000| Untracked 
|  60|0x0000000612600000, 0x0000000612600000, 0x0000000612800000|  0%| F|  |TAMS 0x0000000612600000, 0x0000000612600000| Untracked 
|  61|0x0000000612800000, 0x0000000612800000, 0x0000000612a00000|  0%| F|  |TAMS 0x0000000612800000, 0x0000000612800000| Untracked 
|  62|0x0000000612a00000, 0x0000000612a00000, 0x0000000612c00000|  0%| F|  |TAMS 0x0000000612a00000, 0x0000000612a00000| Untracked 
|  63|0x0000000612c00000, 0x0000000612c00000, 0x0000000612e00000|  0%| F|  |TAMS 0x0000000612c00000, 0x0000000612c00000| Untracked 
|  64|0x0000000612e00000, 0x0000000612e00000, 0x0000000613000000|  0%| F|  |TAMS 0x0000000612e00000, 0x0000000612e00000| Untracked 
|  65|0x0000000613000000, 0x0000000613000000, 0x0000000613200000|  0%| F|  |TAMS 0x0000000613000000, 0x0000000613000000| Untracked 
|  66|0x0000000613200000, 0x0000000613200000, 0x0000000613400000|  0%| F|  |TAMS 0x0000000613200000, 0x0000000613200000| Untracked 
|  67|0x0000000613400000, 0x0000000613400000, 0x0000000613600000|  0%| F|  |TAMS 0x0000000613400000, 0x0000000613400000| Untracked 
|  68|0x0000000613600000, 0x0000000613600000, 0x0000000613800000|  0%| F|  |TAMS 0x0000000613600000, 0x0000000613600000| Untracked 
|  69|0x0000000613800000, 0x0000000613800000, 0x0000000613a00000|  0%| F|  |TAMS 0x0000000613800000, 0x0000000613800000| Untracked 
|  70|0x0000000613a00000, 0x0000000613a00000, 0x0000000613c00000|  0%| F|  |TAMS 0x0000000613a00000, 0x0000000613a00000| Untracked 
|  71|0x0000000613c00000, 0x0000000613c00000, 0x0000000613e00000|  0%| F|  |TAMS 0x0000000613c00000, 0x0000000613c00000| Untracked 
|  72|0x0000000613e00000, 0x0000000613e00000, 0x0000000614000000|  0%| F|  |TAMS 0x0000000613e00000, 0x0000000613e00000| Untracked 
|  73|0x0000000614000000, 0x0000000614000000, 0x0000000614200000|  0%| F|  |TAMS 0x0000000614000000, 0x0000000614000000| Untracked 
|  74|0x0000000614200000, 0x0000000614200000, 0x0000000614400000|  0%| F|  |TAMS 0x0000000614200000, 0x0000000614200000| Untracked 
|  75|0x0000000614400000, 0x0000000614400000, 0x0000000614600000|  0%| F|  |TAMS 0x0000000614400000, 0x0000000614400000| Untracked 
|  76|0x0000000614600000, 0x0000000614600000, 0x0000000614800000|  0%| F|  |TAMS 0x0000000614600000, 0x0000000614600000| Untracked 
|  77|0x0000000614800000, 0x0000000614800000, 0x0000000614a00000|  0%| F|  |TAMS 0x0000000614800000, 0x0000000614800000| Untracked 
|  78|0x0000000614a00000, 0x0000000614a00000, 0x0000000614c00000|  0%| F|  |TAMS 0x0000000614a00000, 0x0000000614a00000| Untracked 
|  79|0x0000000614c00000, 0x0000000614c00000, 0x0000000614e00000|  0%| F|  |TAMS 0x0000000614c00000, 0x0000000614c00000| Untracked 
|  80|0x0000000614e00000, 0x0000000614e00000, 0x0000000615000000|  0%| F|  |TAMS 0x0000000614e00000, 0x0000000614e00000| Untracked 
|  81|0x0000000615000000, 0x0000000615000000, 0x0000000615200000|  0%| F|  |TAMS 0x0000000615000000, 0x0000000615000000| Untracked 
|  82|0x0000000615200000, 0x0000000615200000, 0x0000000615400000|  0%| F|  |TAMS 0x0000000615200000, 0x0000000615200000| Untracked 
|  83|0x0000000615400000, 0x0000000615400000, 0x0000000615600000|  0%| F|  |TAMS 0x0000000615400000, 0x0000000615400000| Untracked 
|  84|0x0000000615600000, 0x0000000615600000, 0x0000000615800000|  0%| F|  |TAMS 0x0000000615600000, 0x0000000615600000| Untracked 
|  85|0x0000000615800000, 0x0000000615800000, 0x0000000615a00000|  0%| F|  |TAMS 0x0000000615800000, 0x0000000615800000| Untracked 
|  86|0x0000000615a00000, 0x0000000615a00000, 0x0000000615c00000|  0%| F|  |TAMS 0x0000000615a00000, 0x0000000615a00000| Untracked 
|  87|0x0000000615c00000, 0x0000000615c00000, 0x0000000615e00000|  0%| F|  |TAMS 0x0000000615c00000, 0x0000000615c00000| Untracked 
|  88|0x0000000615e00000, 0x0000000615e00000, 0x0000000616000000|  0%| F|  |TAMS 0x0000000615e00000, 0x0000000615e00000| Untracked 
|  89|0x0000000616000000, 0x0000000616000000, 0x0000000616200000|  0%| F|  |TAMS 0x0000000616000000, 0x0000000616000000| Untracked 
|  90|0x0000000616200000, 0x0000000616200000, 0x0000000616400000|  0%| F|  |TAMS 0x0000000616200000, 0x0000000616200000| Untracked 
|  91|0x0000000616400000, 0x0000000616400000, 0x0000000616600000|  0%| F|  |TAMS 0x0000000616400000, 0x0000000616400000| Untracked 
|  92|0x0000000616600000, 0x0000000616600000, 0x0000000616800000|  0%| F|  |TAMS 0x0000000616600000, 0x0000000616600000| Untracked 
|  93|0x0000000616800000, 0x0000000616800000, 0x0000000616a00000|  0%| F|  |TAMS 0x0000000616800000, 0x0000000616800000| Untracked 
|  94|0x0000000616a00000, 0x0000000616a00000, 0x0000000616c00000|  0%| F|  |TAMS 0x0000000616a00000, 0x0000000616a00000| Untracked 
|  95|0x0000000616c00000, 0x0000000616c00000, 0x0000000616e00000|  0%| F|  |TAMS 0x0000000616c00000, 0x0000000616c00000| Untracked 
|  96|0x0000000616e00000, 0x0000000616e00000, 0x0000000617000000|  0%| F|  |TAMS 0x0000000616e00000, 0x0000000616e00000| Untracked 
|  97|0x0000000617000000, 0x0000000617000000, 0x0000000617200000|  0%| F|  |TAMS 0x0000000617000000, 0x0000000617000000| Untracked 
|  98|0x0000000617200000, 0x00000006172e4580, 0x0000000617400000| 44%| E|  |TAMS 0x0000000617200000, 0x0000000617200000| Complete 
|  99|0x0000000617400000, 0x0000000617600000, 0x0000000617600000|100%| E|CS|TAMS 0x0000000617400000, 0x0000000617400000| Complete 
| 100|0x0000000617600000, 0x0000000617800000, 0x0000000617800000|100%| E|CS|TAMS 0x0000000617600000, 0x0000000617600000| Complete 
| 101|0x0000000617800000, 0x0000000617a00000, 0x0000000617a00000|100%| E|CS|TAMS 0x0000000617800000, 0x0000000617800000| Complete 
| 102|0x0000000617a00000, 0x0000000617c00000, 0x0000000617c00000|100%| E|CS|TAMS 0x0000000617a00000, 0x0000000617a00000| Complete 
| 103|0x0000000617c00000, 0x0000000617e00000, 0x0000000617e00000|100%| E|CS|TAMS 0x0000000617c00000, 0x0000000617c00000| Complete 
| 104|0x0000000617e00000, 0x0000000618000000, 0x0000000618000000|100%| E|CS|TAMS 0x0000000617e00000, 0x0000000617e00000| Complete 
| 105|0x0000000618000000, 0x0000000618200000, 0x0000000618200000|100%| E|CS|TAMS 0x0000000618000000, 0x0000000618000000| Complete 
| 106|0x0000000618200000, 0x0000000618400000, 0x0000000618400000|100%| E|CS|TAMS 0x0000000618200000, 0x0000000618200000| Complete 
| 107|0x0000000618400000, 0x0000000618600000, 0x0000000618600000|100%| E|CS|TAMS 0x0000000618400000, 0x0000000618400000| Complete 
| 108|0x0000000618600000, 0x0000000618800000, 0x0000000618800000|100%| E|CS|TAMS 0x0000000618600000, 0x0000000618600000| Complete 
| 109|0x0000000618800000, 0x0000000618a00000, 0x0000000618a00000|100%| E|CS|TAMS 0x0000000618800000, 0x0000000618800000| Complete 
| 110|0x0000000618a00000, 0x0000000618c00000, 0x0000000618c00000|100%| E|CS|TAMS 0x0000000618a00000, 0x0000000618a00000| Complete 
| 111|0x0000000618c00000, 0x0000000618e00000, 0x0000000618e00000|100%| E|CS|TAMS 0x0000000618c00000, 0x0000000618c00000| Complete 
| 112|0x0000000618e00000, 0x0000000619000000, 0x0000000619000000|100%| E|CS|TAMS 0x0000000618e00000, 0x0000000618e00000| Complete 
| 113|0x0000000619000000, 0x0000000619200000, 0x0000000619200000|100%| E|CS|TAMS 0x0000000619000000, 0x0000000619000000| Complete 
| 114|0x0000000619200000, 0x0000000619400000, 0x0000000619400000|100%| E|CS|TAMS 0x0000000619200000, 0x0000000619200000| Complete 
| 115|0x0000000619400000, 0x0000000619600000, 0x0000000619600000|100%| E|CS|TAMS 0x0000000619400000, 0x0000000619400000| Complete 
| 116|0x0000000619600000, 0x0000000619800000, 0x0000000619800000|100%| E|  |TAMS 0x0000000619600000, 0x0000000619600000| Complete 
| 117|0x0000000619800000, 0x0000000619a00000, 0x0000000619a00000|100%| E|CS|TAMS 0x0000000619800000, 0x0000000619800000| Complete 
| 118|0x0000000619a00000, 0x0000000619c00000, 0x0000000619c00000|100%| E|CS|TAMS 0x0000000619a00000, 0x0000000619a00000| Complete 
| 119|0x0000000619c00000, 0x0000000619e00000, 0x0000000619e00000|100%| E|CS|TAMS 0x0000000619c00000, 0x0000000619c00000| Complete 
| 120|0x0000000619e00000, 0x000000061a000000, 0x000000061a000000|100%| E|CS|TAMS 0x0000000619e00000, 0x0000000619e00000| Complete 
| 121|0x000000061a000000, 0x000000061a200000, 0x000000061a200000|100%| E|CS|TAMS 0x000000061a000000, 0x000000061a000000| Complete 
| 122|0x000000061a200000, 0x000000061a400000, 0x000000061a400000|100%| E|CS|TAMS 0x000000061a200000, 0x000000061a200000| Complete 
| 123|0x000000061a400000, 0x000000061a600000, 0x000000061a600000|100%| E|CS|TAMS 0x000000061a400000, 0x000000061a400000| Complete 
| 124|0x000000061a600000, 0x000000061a800000, 0x000000061a800000|100%| E|CS|TAMS 0x000000061a600000, 0x000000061a600000| Complete 
| 125|0x000000061a800000, 0x000000061aa00000, 0x000000061aa00000|100%| E|CS|TAMS 0x000000061a800000, 0x000000061a800000| Complete 
| 126|0x000000061aa00000, 0x000000061ac00000, 0x000000061ac00000|100%| E|CS|TAMS 0x000000061aa00000, 0x000000061aa00000| Complete 
| 127|0x000000061ac00000, 0x000000061ae00000, 0x000000061ae00000|100%| E|CS|TAMS 0x000000061ac00000, 0x000000061ac00000| Complete 
| 128|0x000000061ae00000, 0x000000061b000000, 0x000000061b000000|100%| E|CS|TAMS 0x000000061ae00000, 0x000000061ae00000| Complete 
| 129|0x000000061b000000, 0x000000061b200000, 0x000000061b200000|100%| E|CS|TAMS 0x000000061b000000, 0x000000061b000000| Complete 
| 130|0x000000061b200000, 0x000000061b400000, 0x000000061b400000|100%| E|CS|TAMS 0x000000061b200000, 0x000000061b200000| Complete 
| 131|0x000000061b400000, 0x000000061b600000, 0x000000061b600000|100%| E|CS|TAMS 0x000000061b400000, 0x000000061b400000| Complete 
| 132|0x000000061b600000, 0x000000061b800000, 0x000000061b800000|100%| E|CS|TAMS 0x000000061b600000, 0x000000061b600000| Complete 
| 133|0x000000061b800000, 0x000000061ba00000, 0x000000061ba00000|100%| E|CS|TAMS 0x000000061b800000, 0x000000061b800000| Complete 
| 134|0x000000061ba00000, 0x000000061bc00000, 0x000000061bc00000|100%| E|CS|TAMS 0x000000061ba00000, 0x000000061ba00000| Complete 
| 135|0x000000061bc00000, 0x000000061be00000, 0x000000061be00000|100%| E|CS|TAMS 0x000000061bc00000, 0x000000061bc00000| Complete 
| 136|0x000000061be00000, 0x000000061c000000, 0x000000061c000000|100%| E|CS|TAMS 0x000000061be00000, 0x000000061be00000| Complete 
| 137|0x000000061c000000, 0x000000061c200000, 0x000000061c200000|100%| E|CS|TAMS 0x000000061c000000, 0x000000061c000000| Complete 
| 138|0x000000061c200000, 0x000000061c400000, 0x000000061c400000|100%| E|CS|TAMS 0x000000061c200000, 0x000000061c200000| Complete 
| 139|0x000000061c400000, 0x000000061c600000, 0x000000061c600000|100%| E|CS|TAMS 0x000000061c400000, 0x000000061c400000| Complete 
| 140|0x000000061c600000, 0x000000061c800000, 0x000000061c800000|100%| E|CS|TAMS 0x000000061c600000, 0x000000061c600000| Complete 
| 141|0x000000061c800000, 0x000000061ca00000, 0x000000061ca00000|100%| E|CS|TAMS 0x000000061c800000, 0x000000061c800000| Complete 
| 142|0x000000061ca00000, 0x000000061cc00000, 0x000000061cc00000|100%| E|CS|TAMS 0x000000061ca00000, 0x000000061ca00000| Complete 
| 143|0x000000061cc00000, 0x000000061ce00000, 0x000000061ce00000|100%| E|CS|TAMS 0x000000061cc00000, 0x000000061cc00000| Complete 
| 144|0x000000061ce00000, 0x000000061d000000, 0x000000061d000000|100%| E|CS|TAMS 0x000000061ce00000, 0x000000061ce00000| Complete 
| 145|0x000000061d000000, 0x000000061d200000, 0x000000061d200000|100%| E|CS|TAMS 0x000000061d000000, 0x000000061d000000| Complete 
| 146|0x000000061d200000, 0x000000061d400000, 0x000000061d400000|100%| E|CS|TAMS 0x000000061d200000, 0x000000061d200000| Complete 
| 147|0x000000061d400000, 0x000000061d600000, 0x000000061d600000|100%| E|CS|TAMS 0x000000061d400000, 0x000000061d400000| Complete 
| 148|0x000000061d600000, 0x000000061d800000, 0x000000061d800000|100%| E|CS|TAMS 0x000000061d600000, 0x000000061d600000| Complete 
| 149|0x000000061d800000, 0x000000061da00000, 0x000000061da00000|100%| E|CS|TAMS 0x000000061d800000, 0x000000061d800000| Complete 
| 150|0x000000061da00000, 0x000000061dc00000, 0x000000061dc00000|100%| E|CS|TAMS 0x000000061da00000, 0x000000061da00000| Complete 
| 151|0x000000061dc00000, 0x000000061de00000, 0x000000061de00000|100%| E|CS|TAMS 0x000000061dc00000, 0x000000061dc00000| Complete 
| 152|0x000000061de00000, 0x000000061e000000, 0x000000061e000000|100%| E|CS|TAMS 0x000000061de00000, 0x000000061de00000| Complete 
| 153|0x000000061e000000, 0x000000061e200000, 0x000000061e200000|100%| E|CS|TAMS 0x000000061e000000, 0x000000061e000000| Complete 
| 154|0x000000061e200000, 0x000000061e400000, 0x000000061e400000|100%| E|CS|TAMS 0x000000061e200000, 0x000000061e200000| Complete 
| 155|0x000000061e400000, 0x000000061e600000, 0x000000061e600000|100%| E|CS|TAMS 0x000000061e400000, 0x000000061e400000| Complete 
| 156|0x000000061e600000, 0x000000061e800000, 0x000000061e800000|100%| E|CS|TAMS 0x000000061e600000, 0x000000061e600000| Complete 
| 157|0x000000061e800000, 0x000000061ea00000, 0x000000061ea00000|100%| E|CS|TAMS 0x000000061e800000, 0x000000061e800000| Complete 
| 158|0x000000061ea00000, 0x000000061ec00000, 0x000000061ec00000|100%| E|CS|TAMS 0x000000061ea00000, 0x000000061ea00000| Complete 
| 159|0x000000061ec00000, 0x000000061ee00000, 0x000000061ee00000|100%| E|CS|TAMS 0x000000061ec00000, 0x000000061ec00000| Complete 
| 160|0x000000061ee00000, 0x000000061f000000, 0x000000061f000000|100%| E|CS|TAMS 0x000000061ee00000, 0x000000061ee00000| Complete 
| 161|0x000000061f000000, 0x000000061f200000, 0x000000061f200000|100%| E|CS|TAMS 0x000000061f000000, 0x000000061f000000| Complete 
| 162|0x000000061f200000, 0x000000061f400000, 0x000000061f400000|100%| E|CS|TAMS 0x000000061f200000, 0x000000061f200000| Complete 
| 163|0x000000061f400000, 0x000000061f600000, 0x000000061f600000|100%| E|CS|TAMS 0x000000061f400000, 0x000000061f400000| Complete 
| 164|0x000000061f600000, 0x000000061f800000, 0x000000061f800000|100%| E|CS|TAMS 0x000000061f600000, 0x000000061f600000| Complete 
| 165|0x000000061f800000, 0x000000061fa00000, 0x000000061fa00000|100%| E|CS|TAMS 0x000000061f800000, 0x000000061f800000| Complete 
| 166|0x000000061fa00000, 0x000000061fc00000, 0x000000061fc00000|100%| E|CS|TAMS 0x000000061fa00000, 0x000000061fa00000| Complete 
| 167|0x000000061fc00000, 0x000000061fe00000, 0x000000061fe00000|100%| E|CS|TAMS 0x000000061fc00000, 0x000000061fc00000| Complete 
| 168|0x000000061fe00000, 0x0000000620000000, 0x0000000620000000|100%| E|CS|TAMS 0x000000061fe00000, 0x000000061fe00000| Complete 
| 169|0x0000000620000000, 0x0000000620200000, 0x0000000620200000|100%| E|CS|TAMS 0x0000000620000000, 0x0000000620000000| Complete 
| 170|0x0000000620200000, 0x0000000620400000, 0x0000000620400000|100%| E|CS|TAMS 0x0000000620200000, 0x0000000620200000| Complete 
| 171|0x0000000620400000, 0x0000000620600000, 0x0000000620600000|100%| E|CS|TAMS 0x0000000620400000, 0x0000000620400000| Complete 
| 172|0x0000000620600000, 0x0000000620800000, 0x0000000620800000|100%| E|CS|TAMS 0x0000000620600000, 0x0000000620600000| Complete 
| 173|0x0000000620800000, 0x0000000620a00000, 0x0000000620a00000|100%| E|CS|TAMS 0x0000000620800000, 0x0000000620800000| Complete 
| 174|0x0000000620a00000, 0x0000000620c00000, 0x0000000620c00000|100%| E|CS|TAMS 0x0000000620a00000, 0x0000000620a00000| Complete 
| 232|0x0000000627e00000, 0x0000000628000000, 0x0000000628000000|100%| E|CS|TAMS 0x0000000627e00000, 0x0000000627e00000| Complete 
| 233|0x0000000628000000, 0x0000000628200000, 0x0000000628200000|100%| E|CS|TAMS 0x0000000628000000, 0x0000000628000000| Complete 
| 234|0x0000000628200000, 0x0000000628400000, 0x0000000628400000|100%| E|CS|TAMS 0x0000000628200000, 0x0000000628200000| Complete 
| 235|0x0000000628400000, 0x0000000628600000, 0x0000000628600000|100%| E|CS|TAMS 0x0000000628400000, 0x0000000628400000| Complete 
| 236|0x0000000628600000, 0x0000000628800000, 0x0000000628800000|100%| E|CS|TAMS 0x0000000628600000, 0x0000000628600000| Complete 
| 237|0x0000000628800000, 0x0000000628a00000, 0x0000000628a00000|100%| E|CS|TAMS 0x0000000628800000, 0x0000000628800000| Complete 
| 238|0x0000000628a00000, 0x0000000628c00000, 0x0000000628c00000|100%| E|CS|TAMS 0x0000000628a00000, 0x0000000628a00000| Complete 
|4007|0x00000007ffc00000, 0x00000007ffd52000, 0x00000007ffe00000| 66%|OA|  |TAMS 0x00000007ffd52000, 0x00000007ffc00000| Untracked 
|4008|0x00000007ffe00000, 0x00000007ffe7f000, 0x0000000800000000| 24%|CA|  |TAMS 0x00000007ffe7f000, 0x00000007ffe00000| Untracked 

Card table byte_map: [0x00007f7ec9dab000,0x00007f7ecad54000] _byte_map_base: 0x00007f7ec6d54000

Marking Bits (Prev, Next): (CMBitMap*) 0x00007f7ee406bfe8, (CMBitMap*) 0x00007f7ee406bfa8
 Prev Bits: [0x00007f7eb9372000, 0x00007f7ec10ba000)
 Next Bits: [0x00007f7ec10ba000, 0x00007f7ec8e02000)

Polling page: 0x00007f7eeabfb000

Metaspace:

Usage:
  Non-class:     51,19 MB capacity,    50,78 MB (>99%) used,   354,98 KB ( <1%) free+waste,    67,06 KB ( <1%) overhead. 
      Class:     11,43 MB capacity,    11,20 MB ( 98%) used,   202,31 KB (  2%) free+waste,    32,88 KB ( <1%) overhead. 
       Both:     62,62 MB capacity,    61,97 MB ( 99%) used,   557,30 KB ( <1%) free+waste,    99,94 KB ( <1%) overhead. 

Virtual space:
  Non-class space:       54,00 MB reserved,      52,50 MB ( 97%) committed 
      Class space:        1,00 GB reserved,      11,46 MB (  1%) committed 
             Both:        1,05 GB reserved,      63,95 MB (  6%) committed 

Chunk freelists:
   Non-Class:  1,08 MB
       Class:  15,00 KB
        Both:  1,09 MB

MaxMetaspaceSize: unlimited
CompressedClassSpaceSize: 1,00 GB

CodeHeap 'non-profiled nmethods': size=120028Kb used=6346Kb max_used=6346Kb free=113681Kb
 bounds [0x00007f7ed41a4000, 0x00007f7ed47e4000, 0x00007f7edb6db000]
CodeHeap 'profiled nmethods': size=120028Kb used=19769Kb max_used=19769Kb free=100258Kb
 bounds [0x00007f7eccc6d000, 0x00007f7ecdfbd000, 0x00007f7ed41a4000]
CodeHeap 'non-nmethods': size=5704Kb used=1327Kb max_used=1359Kb free=4376Kb
 bounds [0x00007f7ecc6db000, 0x00007f7ecc94b000, 0x00007f7eccc6d000]
 total_blobs=14973 nmethods=10236 adapters=459
 compilation: enabled
              stopped_count=0, restarted_count=0
 full_count=0

Compilation events (20 events):
Event: 7,113 Thread 0x00007f7ee42ac800 nmethod 11581 0x00007f7ecdfa3510 code [0x00007f7ecdfa36a0, 0x00007f7ecdfa37e0]
Event: 7,113 Thread 0x00007f7ee42ac800 11582       2       scala.reflect.internal.HasFlags$class::isSynthetic (10 bytes)
Event: 7,113 Thread 0x00007f7ee42ac800 nmethod 11582 0x00007f7ecdfa3890 code [0x00007f7ecdfa3a20, 0x00007f7ecdfa3b20]
Event: 7,113 Thread 0x00007f7ee42ac800 11588       2       scala.reflect.internal.SymbolTable::ConstantType (19 bytes)
Event: 7,113 Thread 0x00007f7ee42ac800 nmethod 11588 0x00007f7ecdfa3c10 code [0x00007f7ecdfa3da0, 0x00007f7ecdfa41f0]
Event: 7,113 Thread 0x00007f7ee42ac800 11589       2       scala.reflect.internal.Types$ConstantType$::apply (23 bytes)
Event: 7,113 Thread 0x00007f7ee42ac800 nmethod 11589 0x00007f7ecdfa4310 code [0x00007f7ecdfa44c0, 0x00007f7ecdfa4770]
Event: 7,113 Thread 0x00007f7ee42ac800 11590       2       scala.reflect.internal.Types$UniqueConstantType::<init> (7 bytes)
Event: 7,114 Thread 0x00007f7ee42ac800 nmethod 11590 0x00007f7ecdfa4910 code [0x00007f7ecdfa4aa0, 0x00007f7ecdfa4bc0]
Event: 7,114 Thread 0x00007f7ee42ac800 11587       1       scala.tools.nsc.typechecker.Infer$Inferencer$AdjustedTypeArgs$::Result (5 bytes)
Event: 7,114 Thread 0x00007f7ee42ac800 nmethod 11587 0x00007f7ed47d4490 code [0x00007f7ed47d4620, 0x00007f7ed47d46f0]
Event: 7,114 Thread 0x00007f7ee42ac800 11586       1       scala.tools.nsc.typechecker.Namers$Namer::logDefinition (5 bytes)
Event: 7,114 Thread 0x00007f7ee42ac800 nmethod 11586 0x00007f7ed47d4790 code [0x00007f7ed47d4920, 0x00007f7ed47d49f0]
Event: 7,114 Thread 0x00007f7ee42ac800 11591       2       scala.collection.immutable.Set$Set2::iterator (31 bytes)
Event: 7,114 Thread 0x00007f7ee42ac800 nmethod 11591 0x00007f7ecdfa4c90 code [0x00007f7ecdfa4e60, 0x00007f7ecdfa5290]
Event: 7,116 Thread 0x00007f7ee42ac800 11592       2       scala.tools.nsc.Global$$anon$1::formalTypes$default$3 (5 bytes)
Event: 7,116 Thread 0x00007f7ee42ac800 nmethod 11592 0x00007f7ecdfa5490 code [0x00007f7ecdfa5620, 0x00007f7ecdfa5730]
Event: 7,116 Thread 0x00007f7ee42ac800 11593       2       scala.tools.nsc.typechecker.Typers$Typer::scala$tools$nsc$typechecker$Typers$Typer$$isInPkgObj$1 (121 bytes)
Event: 7,117 Thread 0x00007f7ee42ac800 nmethod 11593 0x00007f7ecdfa5810 code [0x00007f7ecdfa5aa0, 0x00007f7ecdfa6060]
Event: 7,118 Thread 0x00007f7ee42ac800 11594       2       scala.tools.nsc.typechecker.Typers$Typer::startingIdentContext$1 (24 bytes)

GC Heap History (20 events):
Event: 2,057 GC heap before
{Heap before GC invocations=11 (full 0):
 garbage-first heap   total 81920K, used 23213K [0x000000060ae00000, 0x0000000800000000)
  region size 2048K, 6 young (12288K), 2 survivors (4096K)
 Metaspace       used 35758K, capacity 36133K, committed 36944K, reserved 1079296K
  class space    used 7084K, capacity 7210K, committed 7252K, reserved 1048576K
}
Event: 2,078 GC heap after
{Heap after GC invocations=12 (full 1):
 garbage-first heap   total 69632K, used 16368K [0x000000060ae00000, 0x0000000800000000)
  region size 2048K, 0 young (0K), 0 survivors (0K)
 Metaspace       used 35758K, capacity 36133K, committed 36944K, reserved 1079296K
  class space    used 7084K, capacity 7210K, committed 7252K, reserved 1048576K
}
Event: 2,079 GC heap before
{Heap before GC invocations=12 (full 1):
 garbage-first heap   total 69632K, used 16368K [0x000000060ae00000, 0x0000000800000000)
  region size 2048K, 1 young (2048K), 0 survivors (0K)
 Metaspace       used 35765K, capacity 36133K, committed 36944K, reserved 1079296K
  class space    used 7086K, capacity 7210K, committed 7252K, reserved 1048576K
}
Event: 2,101 GC heap after
{Heap after GC invocations=13 (full 2):
 garbage-first heap   total 69632K, used 16342K [0x000000060ae00000, 0x0000000800000000)
  region size 2048K, 0 young (0K), 0 survivors (0K)
 Metaspace       used 35765K, capacity 36133K, committed 36944K, reserved 1079296K
  class space    used 7086K, capacity 7210K, committed 7252K, reserved 1048576K
}
Event: 2,421 GC heap before
{Heap before GC invocations=13 (full 2):
 garbage-first heap   total 69632K, used 51158K [0x000000060ae00000, 0x0000000800000000)
  region size 2048K, 17 young (34816K), 0 survivors (0K)
 Metaspace       used 41506K, capacity 41862K, committed 42704K, reserved 1083392K
  class space    used 7901K, capacity 8010K, committed 8148K, reserved 1048576K
}
Event: 2,424 GC heap after
{Heap after GC invocations=14 (full 2):
 garbage-first heap   total 69632K, used 19023K [0x000000060ae00000, 0x0000000800000000)
  region size 2048K, 2 young (4096K), 2 survivors (4096K)
 Metaspace       used 41506K, capacity 41862K, committed 42704K, reserved 1083392K
  class space    used 7901K, capacity 8010K, committed 8148K, reserved 1048576K
}
Event: 2,634 GC heap before
{Heap before GC invocations=14 (full 2):
 garbage-first heap   total 69632K, used 49743K [0x000000060ae00000, 0x0000000800000000)
  region size 2048K, 17 young (34816K), 2 survivors (4096K)
 Metaspace       used 45784K, capacity 46186K, committed 47184K, reserved 1087488K
  class space    used 8564K, capacity 8747K, committed 8788K, reserved 1048576K
}
Event: 2,638 GC heap after
{Heap after GC invocations=15 (full 2):
 garbage-first heap   total 69632K, used 20263K [0x000000060ae00000, 0x0000000800000000)
  region size 2048K, 2 young (4096K), 2 survivors (4096K)
 Metaspace       used 45784K, capacity 46186K, committed 47184K, reserved 1087488K
  class space    used 8564K, capacity 8747K, committed 8788K, reserved 1048576K
}
Event: 2,681 GC heap before
{Heap before GC invocations=15 (full 2):
 garbage-first heap   total 69632K, used 48935K [0x000000060ae00000, 0x0000000800000000)
  region size 2048K, 16 young (32768K), 2 survivors (4096K)
 Metaspace       used 45847K, capacity 46319K, committed 47184K, reserved 1087488K
  class space    used 8564K, capacity 8747K, committed 8788K, reserved 1048576K
}
Event: 2,691 GC heap after
{Heap after GC invocations=16 (full 2):
 garbage-first heap   total 292864K, used 25413K [0x000000060ae00000, 0x0000000800000000)
  region size 2048K, 2 young (4096K), 2 survivors (4096K)
 Metaspace       used 45847K, capacity 46319K, committed 47184K, reserved 1087488K
  class space    used 8564K, capacity 8747K, committed 8788K, reserved 1048576K
}
Event: 3,576 GC heap before
{Heap before GC invocations=16 (full 2):
 garbage-first heap   total 292864K, used 197445K [0x000000060ae00000, 0x0000000800000000)
  region size 2048K, 85 young (174080K), 2 survivors (4096K)
 Metaspace       used 49716K, capacity 50159K, committed 51280K, reserved 1091584K
  class space    used 9312K, capacity 9515K, committed 9556K, reserved 1048576K
}
Event: 3,601 GC heap after
{Heap after GC invocations=17 (full 2):
 garbage-first heap   total 292864K, used 73686K [0x000000060ae00000, 0x0000000800000000)
  region size 2048K, 11 young (22528K), 11 survivors (22528K)
 Metaspace       used 49716K, capacity 50159K, committed 51280K, reserved 1091584K
  class space    used 9312K, capacity 9515K, committed 9556K, reserved 1048576K
}
Event: 4,717 GC heap before
{Heap before GC invocations=17 (full 2):
 garbage-first heap   total 292864K, used 161750K [0x000000060ae00000, 0x0000000800000000)
  region size 2048K, 52 young (106496K), 11 survivors (22528K)
 Metaspace       used 55881K, capacity 56423K, committed 57552K, reserved 1095680K
  class space    used 10509K, capacity 10683K, committed 10708K, reserved 1048576K
}
Event: 4,736 GC heap after
{Heap after GC invocations=18 (full 2):
 garbage-first heap   total 292864K, used 88022K [0x000000060ae00000, 0x0000000800000000)
  region size 2048K, 5 young (10240K), 5 survivors (10240K)
 Metaspace       used 55881K, capacity 56423K, committed 57552K, reserved 1095680K
  class space    used 10509K, capacity 10683K, committed 10708K, reserved 1048576K
}
Event: 5,438 GC heap before
{Heap before GC invocations=18 (full 2):
 garbage-first heap   total 292864K, used 174038K [0x000000060ae00000, 0x0000000800000000)
  region size 2048K, 47 young (96256K), 5 survivors (10240K)
 Metaspace       used 59872K, capacity 60440K, committed 61520K, reserved 1099776K
  class space    used 10859K, capacity 11056K, committed 11092K, reserved 1048576K
}
Event: 5,445 GC heap after
{Heap after GC invocations=19 (full 2):
 garbage-first heap   total 292864K, used 94628K [0x000000060ae00000, 0x0000000800000000)
  region size 2048K, 3 young (6144K), 3 survivors (6144K)
 Metaspace       used 59872K, capacity 60440K, committed 61520K, reserved 1099776K
  class space    used 10859K, capacity 11056K, committed 11092K, reserved 1048576K
}
Event: 5,501 GC heap before
{Heap before GC invocations=19 (full 2):
 garbage-first heap   total 292864K, used 106916K [0x000000060ae00000, 0x0000000800000000)
  region size 2048K, 10 young (20480K), 3 survivors (6144K)
 Metaspace       used 59920K, capacity 60440K, committed 61520K, reserved 1099776K
  class space    used 10860K, capacity 11056K, committed 11092K, reserved 1048576K
}
Event: 5,504 GC heap after
{Heap after GC invocations=20 (full 2):
 garbage-first heap   total 493568K, used 93094K [0x000000060ae00000, 0x0000000800000000)
  region size 2048K, 2 young (4096K), 2 survivors (4096K)
 Metaspace       used 59920K, capacity 60440K, committed 61520K, reserved 1099776K
  class space    used 10860K, capacity 11056K, committed 11092K, reserved 1048576K
}
Event: 6,243 GC heap before
{Heap before GC invocations=21 (full 2):
 garbage-first heap   total 376832K, used 347046K [0x000000060ae00000, 0x0000000800000000)
  region size 2048K, 126 young (258048K), 2 survivors (4096K)
 Metaspace       used 60359K, capacity 60892K, committed 62032K, reserved 1099776K
  class space    used 10861K, capacity 11056K, committed 11092K, reserved 1048576K
}
Event: 6,247 GC heap after
{Heap after GC invocations=22 (full 2):
 garbage-first heap   total 376832K, used 97309K [0x000000060ae00000, 0x0000000800000000)
  region size 2048K, 4 young (8192K), 4 survivors (8192K)
 Metaspace       used 60359K, capacity 60892K, committed 62032K, reserved 1099776K
  class space    used 10861K, capacity 11056K, committed 11092K, reserved 1048576K
}

Deoptimization events (20 events):
Event: 7,010 Thread 0x00007f7ee65c3800 DEOPT PACKING pc=0x00007f7ed46249b8 sp=0x00007f7e5a6e9250
Event: 7,010 Thread 0x00007f7ee65c3800 DEOPT UNPACKING pc=0x00007f7ecc723e25 sp=0x00007f7e5a6e9230 mode 2
Event: 7,010 Thread 0x00007f7ee65c3800 Uncommon trap: trap_request=0xffffffbe fr.pc=0x00007f7ed46249b8 relative=0x0000000000000af8
Event: 7,010 Thread 0x00007f7ee65c3800 Uncommon trap: reason=profile_predicate action=maybe_recompile pc=0x00007f7ed46249b8 method=scala.reflect.internal.Types$Type.baseTypeIndex(Lscala/reflect/internal/Symbols$Symbol;)I @ 15 c2
Event: 7,010 Thread 0x00007f7ee65c3800 DEOPT PACKING pc=0x00007f7ed46249b8 sp=0x00007f7e5a6e9180
Event: 7,010 Thread 0x00007f7ee65c3800 DEOPT UNPACKING pc=0x00007f7ecc723e25 sp=0x00007f7e5a6e9160 mode 2
Event: 7,017 Thread 0x00007f7ee65c3800 Uncommon trap: trap_request=0xffffffc6 fr.pc=0x00007f7ed4550f44 relative=0x0000000000001244
Event: 7,017 Thread 0x00007f7ee65c3800 Uncommon trap: reason=bimorphic_or_optimized_type_check action=maybe_recompile pc=0x00007f7ed4550f44 method=scala.reflect.internal.Symbols$Symbol.typeParams()Lscala/collection/immutable/List; @ 96 c2
Event: 7,017 Thread 0x00007f7ee65c3800 DEOPT PACKING pc=0x00007f7ed4550f44 sp=0x00007f7e5a6eab90
Event: 7,017 Thread 0x00007f7ee65c3800 DEOPT UNPACKING pc=0x00007f7ecc723e25 sp=0x00007f7e5a6eab10 mode 2
Event: 7,020 Thread 0x00007f7ee65c3800 Uncommon trap: trap_request=0xffffffc6 fr.pc=0x00007f7ed4550f44 relative=0x0000000000001244
Event: 7,020 Thread 0x00007f7ee65c3800 Uncommon trap: reason=bimorphic_or_optimized_type_check action=maybe_recompile pc=0x00007f7ed4550f44 method=scala.reflect.internal.Symbols$Symbol.typeParams()Lscala/collection/immutable/List; @ 96 c2
Event: 7,020 Thread 0x00007f7ee65c3800 DEOPT PACKING pc=0x00007f7ed4550f44 sp=0x00007f7e5a6e9fe0
Event: 7,020 Thread 0x00007f7ee65c3800 DEOPT UNPACKING pc=0x00007f7ecc723e25 sp=0x00007f7e5a6e9f60 mode 2
Event: 7,034 Thread 0x00007f7ee65c3800 DEOPT PACKING pc=0x00007f7ecd865a9f sp=0x00007f7e5a6e7980
Event: 7,034 Thread 0x00007f7ee65c3800 DEOPT UNPACKING pc=0x00007f7ecc72433a sp=0x00007f7e5a6e6e28 mode 0
Event: 7,035 Thread 0x00007f7ee65c3800 DEOPT PACKING pc=0x00007f7eccc7ad9e sp=0x00007f7e5a6e6500
Event: 7,035 Thread 0x00007f7ee65c3800 DEOPT UNPACKING pc=0x00007f7ecc72433a sp=0x00007f7e5a6e59f0 mode 0
Event: 7,043 Thread 0x00007f7ee65c3800 DEOPT PACKING pc=0x00007f7ecce218ac sp=0x00007f7e5a6e4bd0
Event: 7,043 Thread 0x00007f7ee65c3800 DEOPT UNPACKING pc=0x00007f7ecc72433a sp=0x00007f7e5a6e4058 mode 0

Classes unloaded (0 events):
No events

Classes redefined (0 events):
No events

Internal exceptions (20 events):
Event: 0,954 Thread 0x00007f7ee4029800 Exception <a 'java/lang/ClassNotFoundException'{0x000000060d108ea0}: scala/reflect/ScalaLongSignature> (0x000000060d108ea0) 
thrown [open/src/hotspot/share/classfile/systemDictionary.cpp, line 226]
Event: 1,182 Thread 0x00007f7ee4029800 Exception <a 'java/lang/ClassNotFoundException'{0x000000060d3c70a0}: java/net> (0x000000060d3c70a0) 
thrown [open/src/hotspot/share/classfile/systemDictionary.cpp, line 226]
Event: 1,182 Thread 0x00007f7ee4029800 Exception <a 'java/lang/ClassNotFoundException'{0x000000060d3c8578}: java/net/package> (0x000000060d3c8578) 
thrown [open/src/hotspot/share/classfile/systemDictionary.cpp, line 226]
Event: 1,845 Thread 0x00007f7ee5bdc000 Exception <a 'java/io/FileNotFoundException'{0x000000060d31a180}> (0x000000060d31a180) 
thrown [open/src/hotspot/share/prims/jni.cpp, line 599]
Event: 2,560 Thread 0x00007f7ee4029800 Exception <a 'java/lang/NoSuchMethodError'{0x000000060e120850}: 'java.lang.Object java.lang.invoke.DirectMethodHandle$Holder.invokeVirtual(java.lang.Object, java.lang.Object, java.lang.Object)'> (0x000000060e120850) 
thrown [open/src/hotspot/share/interpreter/linkResolver.cpp, line 766]
Event: 2,560 Thread 0x00007f7ee4029800 Exception <a 'java/lang/NoSuchMethodError'{0x000000060e12a9d8}: 'int java.lang.invoke.DirectMethodHandle$Holder.invokeInterface(java.lang.Object, java.lang.Object)'> (0x000000060e12a9d8) 
thrown [open/src/hotspot/share/interpreter/linkResolver.cpp, line 766]
Event: 2,566 Thread 0x00007f7ee4029800 Exception <a 'java/lang/NoSuchMethodError'{0x000000060e152358}: 'void java.lang.invoke.DirectMethodHandle$Holder.invokeSpecial(java.lang.Object, java.lang.Object, java.lang.Object, java.lang.Object)'> (0x000000060e152358) 
thrown [open/src/hotspot/share/interpreter/linkResolver.cpp, line 766]
Event: 2,962 Thread 0x00007f7ee4029800 Exception <a 'java/lang/NullPointerException'{0x00000006151900a8}> (0x00000006151900a8) 
thrown [open/src/hotspot/share/interpreter/linkResolver.cpp, line 1348]
Event: 4,544 Thread 0x00007f7ee4029800 Implicit null exception at 0x00007f7ed43b6f48 to 0x00007f7ed43b84e8
Event: 4,963 Thread 0x00007f7ee65db800 Exception <a 'java/io/FileNotFoundException'{0x000000061a3b2998}> (0x000000061a3b2998) 
thrown [open/src/hotspot/share/prims/jni.cpp, line 599]
Event: 4,963 Thread 0x00007f7ee65db800 Exception <a 'java/io/FileNotFoundException'{0x000000061a3b3890}> (0x000000061a3b3890) 
thrown [open/src/hotspot/share/prims/jni.cpp, line 599]
Event: 4,967 Thread 0x00007f7ee65db800 Exception <a 'java/io/FileNotFoundException'{0x000000061a3fa168}> (0x000000061a3fa168) 
thrown [open/src/hotspot/share/prims/jni.cpp, line 599]
Event: 4,967 Thread 0x00007f7ee65db800 Exception <a 'java/io/FileNotFoundException'{0x000000061a3fab28}> (0x000000061a3fab28) 
thrown [open/src/hotspot/share/prims/jni.cpp, line 599]
Event: 4,985 Thread 0x00007f7ee65db800 Implicit null exception at 0x00007f7ed4318bc5 to 0x00007f7ed4318ea4
Event: 4,991 Thread 0x00007f7ee65db800 Implicit null exception at 0x00007f7ed41bd1e4 to 0x00007f7ed41bd7dc
Event: 5,004 Thread 0x00007f7ee65db800 Implicit null exception at 0x00007f7ed41bf864 to 0x00007f7ed41bfe38
Event: 5,013 Thread 0x00007f7ee65db800 Exception <a 'java/lang/ClassNotFoundException'{0x0000000619cdebc0}: com/sun/org/apache/xerces/internal/impl/xpath/regex/spi/messageProvider> (0x0000000619cdebc0) 
thrown [open/src/hotspot/share/classfile/systemDictionary.cpp, line 226]
Event: 6,111 Thread 0x00007f7ee65db800 Implicit null exception at 0x00007f7ed46c90ad to 0x00007f7ed46ca096
Event: 6,129 Thread 0x00007f7ee65db800 Implicit null exception at 0x00007f7ed46cbc3e to 0x00007f7ed46cdde3
Event: 6,461 Thread 0x00007f7ee65d8000 Exception <a 'java/io/FileNotFoundException'{0x000000061e945ec8}> (0x000000061e945ec8) 
thrown [open/src/hotspot/share/prims/jni.cpp, line 599]

Events (20 events):
Event: 6,605 Executing VM operation: ICBufferFull
Event: 6,605 Executing VM operation: ICBufferFull done
Event: 6,616 Executing VM operation: ICBufferFull
Event: 6,616 Executing VM operation: ICBufferFull done
Event: 6,666 loading class java/nio/channels/spi/AbstractInterruptibleChannel$1
Event: 6,666 loading class sun/nio/ch/Interruptible
Event: 6,666 loading class sun/nio/ch/Interruptible done
Event: 6,666 loading class java/nio/channels/spi/AbstractInterruptibleChannel$1 done
Event: 6,694 Executing VM operation: ICBufferFull
Event: 6,694 Executing VM operation: ICBufferFull done
Event: 6,754 Executing VM operation: ICBufferFull
Event: 6,754 Executing VM operation: ICBufferFull done
Event: 6,836 Executing VM operation: ICBufferFull
Event: 6,836 Executing VM operation: ICBufferFull done
Event: 6,905 Executing VM operation: ICBufferFull
Event: 6,905 Executing VM operation: ICBufferFull done
Event: 6,974 Executing VM operation: ICBufferFull
Event: 6,974 Executing VM operation: ICBufferFull done
Event: 7,019 Executing VM operation: ICBufferFull
Event: 7,019 Executing VM operation: ICBufferFull done


Dynamic libraries:
60ae00000-620c00000 rw-p 00000000 00:00 0 
620c00000-627e00000 ---p 00000000 00:00 0 
627e00000-628c00000 rw-p 00000000 00:00 0 
628c00000-7ffc00000 ---p 00000000 00:00 0 
7ffc00000-7ffd00000 rw-p 00000000 00:00 0 
7ffd00000-7ffd52000 rw-p 00bbc000 103:01 1590153                         /home/kein/.jdks/openjdk-14.0.1/lib/server/classes.jsa
7ffd52000-7ffe00000 rw-p 00000000 00:00 0 
7ffe00000-7ffe7f000 rw-p 00b3d000 103:01 1590153                         /home/kein/.jdks/openjdk-14.0.1/lib/server/classes.jsa
7ffe7f000-800000000 rw-p 00000000 00:00 0 
800000000-800003000 rwxp 00001000 103:01 1590153                         /home/kein/.jdks/openjdk-14.0.1/lib/server/classes.jsa
800003000-8003e3000 rw-p 00004000 103:01 1590153                         /home/kein/.jdks/openjdk-14.0.1/lib/server/classes.jsa
8003e3000-800b0e000 r--p 003e4000 103:01 1590153                         /home/kein/.jdks/openjdk-14.0.1/lib/server/classes.jsa
800b0e000-800b0f000 rw-p 00b0f000 103:01 1590153                         /home/kein/.jdks/openjdk-14.0.1/lib/server/classes.jsa
800b0f000-801684000 rw-p 00000000 00:00 0 
801684000-840b0f000 ---p 00000000 00:00 0 
56347f184000-56347f185000 r-xp 00000000 103:01 1327295                   /home/kein/.jdks/openjdk-14.0.1/bin/java
56347f186000-56347f187000 r--p 00001000 103:01 1327295                   /home/kein/.jdks/openjdk-14.0.1/bin/java
56347f187000-56347f188000 rw-p 00002000 103:01 1327295                   /home/kein/.jdks/openjdk-14.0.1/bin/java
56347fcb7000-56347fcd8000 rw-p 00000000 00:00 0                          [heap]
7f7e18000000-7f7e1832e000 rw-p 00000000 00:00 0 
7f7e1832e000-7f7e1c000000 ---p 00000000 00:00 0 
7f7e1c000000-7f7e1c021000 rw-p 00000000 00:00 0 
7f7e1c021000-7f7e20000000 ---p 00000000 00:00 0 
7f7e20000000-7f7e20064000 rw-p 00000000 00:00 0 
7f7e20064000-7f7e24000000 ---p 00000000 00:00 0 
7f7e24000000-7f7e24021000 rw-p 00000000 00:00 0 
7f7e24021000-7f7e28000000 ---p 00000000 00:00 0 
7f7e28000000-7f7e28021000 rw-p 00000000 00:00 0 
7f7e28021000-7f7e2c000000 ---p 00000000 00:00 0 
7f7e2c000000-7f7e2c083000 rw-p 00000000 00:00 0 
7f7e2c083000-7f7e30000000 ---p 00000000 00:00 0 
7f7e30000000-7f7e30021000 rw-p 00000000 00:00 0 
7f7e30021000-7f7e34000000 ---p 00000000 00:00 0 
7f7e34000000-7f7e34034000 rw-p 00000000 00:00 0 
7f7e34034000-7f7e38000000 ---p 00000000 00:00 0 
7f7e38000000-7f7e38187000 rw-p 00000000 00:00 0 
7f7e38187000-7f7e3c000000 ---p 00000000 00:00 0 
7f7e3c000000-7f7e3c021000 rw-p 00000000 00:00 0 
7f7e3c021000-7f7e40000000 ---p 00000000 00:00 0 
7f7e40000000-7f7e40125000 rw-p 00000000 00:00 0 
7f7e40125000-7f7e44000000 ---p 00000000 00:00 0 
7f7e44000000-7f7e44021000 rw-p 00000000 00:00 0 
7f7e44021000-7f7e48000000 ---p 00000000 00:00 0 
7f7e48000000-7f7e48027000 rw-p 00000000 00:00 0 
7f7e48027000-7f7e4c000000 ---p 00000000 00:00 0 
7f7e4c000000-7f7e4d875000 rw-p 00000000 00:00 0 
7f7e4d875000-7f7e50000000 ---p 00000000 00:00 0 
7f7e50000000-7f7e5002c000 rw-p 00000000 00:00 0 
7f7e5002c000-7f7e54000000 ---p 00000000 00:00 0 
7f7e54000000-7f7e54021000 rw-p 00000000 00:00 0 
7f7e54021000-7f7e58000000 ---p 00000000 00:00 0 
7f7e581ea000-7f7e5826a000 rw-p 00000000 00:00 0 
7f7e5826a000-7f7e583ea000 ---p 00000000 00:00 0 
7f7e583ea000-7f7e585ea000 rw-p 00000000 00:00 0 
7f7e585ea000-7f7e587ea000 rw-p 00000000 00:00 0 
7f7e587ea000-7f7e589ea000 rw-p 00000000 00:00 0 
7f7e589ea000-7f7e58bea000 rw-p 00000000 00:00 0 
7f7e58bea000-7f7e58dea000 rw-p 00000000 00:00 0 
7f7e58dea000-7f7e58deb000 ---p 00000000 00:00 0 
7f7e58deb000-7f7e58eec000 rw-p 00000000 00:00 0 
7f7e58eec000-7f7e58eed000 ---p 00000000 00:00 0 
7f7e58eed000-7f7e58fee000 rw-p 00000000 00:00 0 
7f7e58fee000-7f7e58fef000 ---p 00000000 00:00 0 
7f7e58fef000-7f7e590f0000 rw-p 00000000 00:00 0 
7f7e590f0000-7f7e590f1000 ---p 00000000 00:00 0 
7f7e590f1000-7f7e593f2000 rw-p 00000000 00:00 0 
7f7e593f2000-7f7e595f2000 rw-p 00000000 00:00 0 
7f7e595f2000-7f7e597f2000 rw-p 00000000 00:00 0 
7f7e597f2000-7f7e599f2000 rw-p 00000000 00:00 0 
7f7e599f2000-7f7e59bf2000 rw-p 00000000 00:00 0 
7f7e59bf2000-7f7e59df2000 rw-p 00000000 00:00 0 
7f7e59df2000-7f7e59ff2000 rw-p 00000000 00:00 0 
7f7e59ff2000-7f7e5a1f2000 rw-p 00000000 00:00 0 
7f7e5a1f2000-7f7e5a1f6000 ---p 00000000 00:00 0 
7f7e5a1f6000-7f7e5a4f3000 rw-p 00000000 00:00 0 
7f7e5a4f3000-7f7e5a4f7000 ---p 00000000 00:00 0 
7f7e5a4f7000-7f7e5a5f4000 rw-p 00000000 00:00 0 
7f7e5a5f4000-7f7e5a5f8000 ---p 00000000 00:00 0 
7f7e5a5f8000-7f7e5a6f5000 rw-p 00000000 00:00 0 
7f7e5a6f5000-7f7e5a6f9000 ---p 00000000 00:00 0 
7f7e5a6f9000-7f7e5a7f6000 rw-p 00000000 00:00 0 
7f7e5a7f6000-7f7e5a7fa000 ---p 00000000 00:00 0 
7f7e5a7fa000-7f7e5a8f7000 rw-p 00000000 00:00 0 
7f7e5a8f7000-7f7e5a8fb000 ---p 00000000 00:00 0 
7f7e5a8fb000-7f7e5a9f8000 rw-p 00000000 00:00 0 
7f7e5a9f8000-7f7e5a9fc000 ---p 00000000 00:00 0 
7f7e5a9fc000-7f7e5aaf9000 rw-p 00000000 00:00 0 
7f7e5aaf9000-7f7e5aafd000 ---p 00000000 00:00 0 
7f7e5aafd000-7f7e5abfa000 rw-p 00000000 00:00 0 
7f7e5abfa000-7f7e5abfe000 ---p 00000000 00:00 0 
7f7e5abfe000-7f7e5aefb000 rw-p 00000000 00:00 0 
7f7e5aefb000-7f7e5b0fb000 rw-p 00000000 00:00 0 
7f7e5b0fb000-7f7e5b0ff000 ---p 00000000 00:00 0 
7f7e5b0ff000-7f7e5b3fc000 rw-p 00000000 00:00 0 
7f7e5b3fc000-7f7e5b3fd000 ---p 00000000 00:00 0 
7f7e5b3fd000-7f7e5b6fd000 rw-p 00000000 00:00 0 
7f7e5b6fd000-7f7e5b6fe000 ---p 00000000 00:00 0 
7f7e5b6fe000-7f7e5b8fe000 rw-p 00000000 00:00 0 
7f7e5b8fe000-7f7e5bafe000 rw-p 00000000 00:00 0 
7f7e5bafe000-7f7e5bcfe000 rw-p 00000000 00:00 0 
7f7e5bcfe000-7f7e5befe000 rw-p 00000000 00:00 0 
7f7e5befe000-7f7e5beff000 ---p 00000000 00:00 0 
7f7e5beff000-7f7e5c000000 rw-p 00000000 00:00 0 
7f7e5c000000-7f7e5c033000 rw-p 00000000 00:00 0 
7f7e5c033000-7f7e60000000 ---p 00000000 00:00 0 
7f7e60000000-7f7e60021000 rw-p 00000000 00:00 0 
7f7e60021000-7f7e64000000 ---p 00000000 00:00 0 
7f7e64000000-7f7e64021000 rw-p 00000000 00:00 0 
7f7e64021000-7f7e68000000 ---p 00000000 00:00 0 
7f7e68000000-7f7e68021000 rw-p 00000000 00:00 0 
7f7e68021000-7f7e6c000000 ---p 00000000 00:00 0 
7f7e6c000000-7f7e6db06000 rw-p 00000000 00:00 0 
7f7e6db06000-7f7e70000000 ---p 00000000 00:00 0 
7f7e70000000-7f7e70027000 rw-p 00000000 00:00 0 
7f7e70027000-7f7e74000000 ---p 00000000 00:00 0 
7f7e74000000-7f7e74021000 rw-p 00000000 00:00 0 
7f7e74021000-7f7e78000000 ---p 00000000 00:00 0 
7f7e78000000-7f7e78021000 rw-p 00000000 00:00 0 
7f7e78021000-7f7e7c000000 ---p 00000000 00:00 0 
7f7e7c000000-7f7e7c021000 rw-p 00000000 00:00 0 
7f7e7c021000-7f7e80000000 ---p 00000000 00:00 0 
7f7e80000000-7f7e80021000 rw-p 00000000 00:00 0 
7f7e80021000-7f7e84000000 ---p 00000000 00:00 0 
7f7e84000000-7f7e859e7000 rw-p 00000000 00:00 0 
7f7e859e7000-7f7e88000000 ---p 00000000 00:00 0 
7f7e88000000-7f7e88d56000 rw-p 00000000 00:00 0 
7f7e88d56000-7f7e8c000000 ---p 00000000 00:00 0 
7f7e8c000000-7f7e8c021000 rw-p 00000000 00:00 0 
7f7e8c021000-7f7e90000000 ---p 00000000 00:00 0 
7f7e90000000-7f7e90021000 rw-p 00000000 00:00 0 
7f7e90021000-7f7e94000000 ---p 00000000 00:00 0 
7f7e94000000-7f7e94021000 rw-p 00000000 00:00 0 
7f7e94021000-7f7e98000000 ---p 00000000 00:00 0 
7f7e98000000-7f7e98021000 rw-p 00000000 00:00 0 
7f7e98021000-7f7e9c000000 ---p 00000000 00:00 0 
7f7e9c000000-7f7e9c021000 rw-p 00000000 00:00 0 
7f7e9c021000-7f7ea0000000 ---p 00000000 00:00 0 
7f7ea0000000-7f7ea0c35000 rw-p 00000000 00:00 0 
7f7ea0c35000-7f7ea4000000 ---p 00000000 00:00 0 
7f7ea4000000-7f7ea4021000 rw-p 00000000 00:00 0 
7f7ea4021000-7f7ea8000000 ---p 00000000 00:00 0 
7f7ea801c000-7f7ea801d000 ---p 00000000 00:00 0 
7f7ea801d000-7f7ea811e000 rw-p 00000000 00:00 0 
7f7ea811e000-7f7ea811f000 ---p 00000000 00:00 0 
7f7ea811f000-7f7ea8220000 rw-p 00000000 00:00 0 
7f7ea8220000-7f7ea8221000 ---p 00000000 00:00 0 
7f7ea8221000-7f7ea8322000 rw-p 00000000 00:00 0 
7f7ea8322000-7f7ea8323000 ---p 00000000 00:00 0 
7f7ea8323000-7f7ea8424000 rw-p 00000000 00:00 0 
7f7ea8424000-7f7ea8425000 ---p 00000000 00:00 0 
7f7ea8425000-7f7ea8526000 rw-p 00000000 00:00 0 
7f7ea8526000-7f7ea8527000 ---p 00000000 00:00 0 
7f7ea8527000-7f7ea8628000 rw-p 00000000 00:00 0 
7f7ea8628000-7f7ea862c000 ---p 00000000 00:00 0 
7f7ea862c000-7f7ea8729000 rw-p 00000000 00:00 0 
7f7ea8729000-7f7ea872d000 ---p 00000000 00:00 0 
7f7ea872d000-7f7ea882a000 rw-p 00000000 00:00 0 
7f7ea882a000-7f7ea882b000 ---p 00000000 00:00 0 
7f7ea882b000-7f7ea892c000 rw-p 00000000 00:00 0 
7f7ea892c000-7f7ea8930000 ---p 00000000 00:00 0 
7f7ea8930000-7f7ea8a2d000 rw-p 00000000 00:00 0 
7f7ea8a2d000-7f7ea8a31000 ---p 00000000 00:00 0 
7f7ea8a31000-7f7ea8b2e000 rw-p 00000000 00:00 0 
7f7ea8b2e000-7f7ea8b32000 ---p 00000000 00:00 0 
7f7ea8b32000-7f7ea8c2f000 rw-p 00000000 00:00 0 
7f7ea8c2f000-7f7ea8c33000 ---p 00000000 00:00 0 
7f7ea8c33000-7f7ea8d30000 rw-p 00000000 00:00 0 
7f7ea8d30000-7f7ea8d34000 ---p 00000000 00:00 0 
7f7ea8d34000-7f7ea8e31000 rw-p 00000000 00:00 0 
7f7ea8e31000-7f7ea9800000 r--p 00000000 103:01 11541095                  /usr/lib/locale/locale-archive
7f7ea9800000-7f7eac000000 rw-p 00000000 00:00 0 
7f7eac000000-7f7eac021000 rw-p 00000000 00:00 0 
7f7eac021000-7f7eb0000000 ---p 00000000 00:00 0 
7f7eb0000000-7f7eb0036000 rw-p 00000000 00:00 0 
7f7eb0036000-7f7eb4000000 ---p 00000000 00:00 0 
7f7eb4000000-7f7eb4021000 rw-p 00000000 00:00 0 
7f7eb4021000-7f7eb8000000 ---p 00000000 00:00 0 
7f7eb807c000-7f7eb8080000 ---p 00000000 00:00 0 
7f7eb8080000-7f7eb817d000 rw-p 00000000 00:00 0 
7f7eb817d000-7f7eb8181000 ---p 00000000 00:00 0 
7f7eb8181000-7f7eb827e000 rw-p 00000000 00:00 0 
7f7eb827e000-7f7eb8282000 ---p 00000000 00:00 0 
7f7eb8282000-7f7eb837f000 rw-p 00000000 00:00 0 
7f7eb837f000-7f7eb8380000 ---p 00000000 00:00 0 
7f7eb8380000-7f7eb855d000 rw-p 00000000 00:00 0 
7f7eb855d000-7f7eb855e000 ---p 00000000 00:00 0 
7f7eb855e000-7f7eb865f000 rw-p 00000000 00:00 0 
7f7eb865f000-7f7eb8660000 ---p 00000000 00:00 0 
7f7eb8660000-7f7eb8f69000 rw-p 00000000 00:00 0 
7f7eb8f69000-7f7eb8f6a000 ---p 00000000 00:00 0 
7f7eb8f6a000-7f7eb906b000 rw-p 00000000 00:00 0 
7f7eb906b000-7f7eb906c000 ---p 00000000 00:00 0 
7f7eb906c000-7f7eb916d000 rw-p 00000000 00:00 0 
7f7eb916d000-7f7eb916e000 ---p 00000000 00:00 0 
7f7eb916e000-7f7eb98ea000 rw-p 00000000 00:00 0 
7f7eb98ea000-7f7eb9ab2000 ---p 00000000 00:00 0 
7f7eb9ab2000-7f7eb9aea000 rw-p 00000000 00:00 0 
7f7eb9aea000-7f7ec10aa000 ---p 00000000 00:00 0 
7f7ec10aa000-7f7ec1632000 rw-p 00000000 00:00 0 
7f7ec1632000-7f7ec17fa000 ---p 00000000 00:00 0 
7f7ec17fa000-7f7ec1832000 rw-p 00000000 00:00 0 
7f7ec1832000-7f7ec8df2000 ---p 00000000 00:00 0 
7f7ec8df2000-7f7ec8eb1000 rw-p 00000000 00:00 0 
7f7ec8eb1000-7f7ec8eea000 ---p 00000000 00:00 0 
7f7ec8eea000-7f7ec8ef1000 rw-p 00000000 00:00 0 
7f7ec8ef1000-7f7ec9da9000 ---p 00000000 00:00 0 
7f7ec9da9000-7f7ec9e5a000 rw-p 00000000 00:00 0 
7f7ec9e5a000-7f7ec9e93000 ---p 00000000 00:00 0 
7f7ec9e93000-7f7ec9e9a000 rw-p 00000000 00:00 0 
7f7ec9e9a000-7f7ecad52000 ---p 00000000 00:00 0 
7f7ecad52000-7f7ecae03000 rw-p 00000000 00:00 0 
7f7ecae03000-7f7ecae3c000 ---p 00000000 00:00 0 
7f7ecae3c000-7f7ecae43000 rw-p 00000000 00:00 0 
7f7ecae43000-7f7ecbcfb000 ---p 00000000 00:00 0 
7f7ecbcfb000-7f7ecc512000 rw-p 00000000 00:00 0 
7f7ecc512000-7f7ecc5f0000 ---p 00000000 00:00 0 
7f7ecc5f0000-7f7ecc617000 rw-p 00000000 00:00 0 
7f7ecc617000-7f7ecc6db000 ---p 00000000 00:00 0 
7f7ecc6db000-7f7ecc94b000 rwxp 00000000 00:00 0 
7f7ecc94b000-7f7eccc6d000 ---p 00000000 00:00 0 
7f7eccc6d000-7f7ecdfbd000 rwxp 00000000 00:00 0 
7f7ecdfbd000-7f7ed41a4000 ---p 00000000 00:00 0 
7f7ed41a4000-7f7ed47e4000 rwxp 00000000 00:00 0 
7f7ed47e4000-7f7edb6db000 ---p 00000000 00:00 0 
7f7edb6db000-7f7ee4000000 r--s 00000000 103:01 1590144                   /home/kein/.jdks/openjdk-14.0.1/lib/modules
7f7ee4000000-7f7ee65df000 rw-p 00000000 00:00 0 
7f7ee65df000-7f7ee8000000 ---p 00000000 00:00 0 
7f7ee8010000-7f7ee8051000 rw-p 00000000 00:00 0 
7f7ee8051000-7f7ee805c000 r-xp 00000000 103:01 10621990                  /lib/x86_64-linux-gnu/libnss_files-2.27.so
7f7ee805c000-7f7ee825b000 ---p 0000b000 103:01 10621990                  /lib/x86_64-linux-gnu/libnss_files-2.27.so
7f7ee825b000-7f7ee825c000 r--p 0000a000 103:01 10621990                  /lib/x86_64-linux-gnu/libnss_files-2.27.so
7f7ee825c000-7f7ee825d000 rw-p 0000b000 103:01 10621990                  /lib/x86_64-linux-gnu/libnss_files-2.27.so
7f7ee825d000-7f7ee8263000 rw-p 00000000 00:00 0 
7f7ee8263000-7f7ee827a000 r-xp 00000000 103:01 10621984                  /lib/x86_64-linux-gnu/libnsl-2.27.so
7f7ee827a000-7f7ee8479000 ---p 00017000 103:01 10621984                  /lib/x86_64-linux-gnu/libnsl-2.27.so
7f7ee8479000-7f7ee847a000 r--p 00016000 103:01 10621984                  /lib/x86_64-linux-gnu/libnsl-2.27.so
7f7ee847a000-7f7ee847b000 rw-p 00017000 103:01 10621984                  /lib/x86_64-linux-gnu/libnsl-2.27.so
7f7ee847b000-7f7ee847d000 rw-p 00000000 00:00 0 
7f7ee847d000-7f7ee8488000 r-xp 00000000 103:01 10622001                  /lib/x86_64-linux-gnu/libnss_nis-2.27.so
7f7ee8488000-7f7ee8687000 ---p 0000b000 103:01 10622001                  /lib/x86_64-linux-gnu/libnss_nis-2.27.so
7f7ee8687000-7f7ee8688000 r--p 0000a000 103:01 10622001                  /lib/x86_64-linux-gnu/libnss_nis-2.27.so
7f7ee8688000-7f7ee8689000 rw-p 0000b000 103:01 10622001                  /lib/x86_64-linux-gnu/libnss_nis-2.27.so
7f7ee8689000-7f7ee8691000 r-xp 00000000 103:01 10621986                  /lib/x86_64-linux-gnu/libnss_compat-2.27.so
7f7ee8691000-7f7ee8891000 ---p 00008000 103:01 10621986                  /lib/x86_64-linux-gnu/libnss_compat-2.27.so
7f7ee8891000-7f7ee8892000 r--p 00008000 103:01 10621986                  /lib/x86_64-linux-gnu/libnss_compat-2.27.so
7f7ee8892000-7f7ee8893000 rw-p 00009000 103:01 10621986                  /lib/x86_64-linux-gnu/libnss_compat-2.27.so
7f7ee8893000-7f7ee889a000 r-xp 00000000 103:01 10622041                  /lib/x86_64-linux-gnu/librt-2.27.so
7f7ee889a000-7f7ee8a99000 ---p 00007000 103:01 10622041                  /lib/x86_64-linux-gnu/librt-2.27.so
7f7ee8a99000-7f7ee8a9a000 r--p 00006000 103:01 10622041                  /lib/x86_64-linux-gnu/librt-2.27.so
7f7ee8a9a000-7f7ee8a9b000 rw-p 00007000 103:01 10622041                  /lib/x86_64-linux-gnu/librt-2.27.so
7f7ee8a9b000-7f7ee8c38000 r-xp 00000000 103:01 10621963                  /lib/x86_64-linux-gnu/libm-2.27.so
7f7ee8c38000-7f7ee8e37000 ---p 0019d000 103:01 10621963                  /lib/x86_64-linux-gnu/libm-2.27.so
7f7ee8e37000-7f7ee8e38000 r--p 0019c000 103:01 10621963                  /lib/x86_64-linux-gnu/libm-2.27.so
7f7ee8e38000-7f7ee8e39000 rw-p 0019d000 103:01 10621963                  /lib/x86_64-linux-gnu/libm-2.27.so
7f7ee8e39000-7f7ee9e48000 r-xp 00000000 103:01 1590155                   /home/kein/.jdks/openjdk-14.0.1/lib/server/libjvm.so
7f7ee9e48000-7f7ee9e49000 ---p 0100f000 103:01 1590155                   /home/kein/.jdks/openjdk-14.0.1/lib/server/libjvm.so
7f7ee9e49000-7f7ee9eed000 r--p 0100f000 103:01 1590155                   /home/kein/.jdks/openjdk-14.0.1/lib/server/libjvm.so
7f7ee9eed000-7f7ee9f25000 rw-p 010b3000 103:01 1590155                   /home/kein/.jdks/openjdk-14.0.1/lib/server/libjvm.so
7f7ee9f25000-7f7ee9fa6000 rw-p 00000000 00:00 0 
7f7ee9fa6000-7f7eea18d000 r-xp 00000000 103:01 10621900                  /lib/x86_64-linux-gnu/libc-2.27.so
7f7eea18d000-7f7eea38d000 ---p 001e7000 103:01 10621900                  /lib/x86_64-linux-gnu/libc-2.27.so
7f7eea38d000-7f7eea391000 r--p 001e7000 103:01 10621900                  /lib/x86_64-linux-gnu/libc-2.27.so
7f7eea391000-7f7eea393000 rw-p 001eb000 103:01 10621900                  /lib/x86_64-linux-gnu/libc-2.27.so
7f7eea393000-7f7eea397000 rw-p 00000000 00:00 0 
7f7eea397000-7f7eea39a000 r-xp 00000000 103:01 10621923                  /lib/x86_64-linux-gnu/libdl-2.27.so
7f7eea39a000-7f7eea599000 ---p 00003000 103:01 10621923                  /lib/x86_64-linux-gnu/libdl-2.27.so
7f7eea599000-7f7eea59a000 r--p 00002000 103:01 10621923                  /lib/x86_64-linux-gnu/libdl-2.27.so
7f7eea59a000-7f7eea59b000 rw-p 00003000 103:01 10621923                  /lib/x86_64-linux-gnu/libdl-2.27.so
7f7eea59b000-7f7eea5b5000 r-xp 00000000 103:01 10622033                  /lib/x86_64-linux-gnu/libpthread-2.27.so
7f7eea5b5000-7f7eea7b4000 ---p 0001a000 103:01 10622033                  /lib/x86_64-linux-gnu/libpthread-2.27.so
7f7eea7b4000-7f7eea7b5000 r--p 00019000 103:01 10622033                  /lib/x86_64-linux-gnu/libpthread-2.27.so
7f7eea7b5000-7f7eea7b6000 rw-p 0001a000 103:01 10622033                  /lib/x86_64-linux-gnu/libpthread-2.27.so
7f7eea7b6000-7f7eea7ba000 rw-p 00000000 00:00 0 
7f7eea7ba000-7f7eea7d6000 r-xp 00000000 103:01 10622072                  /lib/x86_64-linux-gnu/libz.so.1.2.11
7f7eea7d6000-7f7eea9d5000 ---p 0001c000 103:01 10622072                  /lib/x86_64-linux-gnu/libz.so.1.2.11
7f7eea9d5000-7f7eea9d6000 r--p 0001b000 103:01 10622072                  /lib/x86_64-linux-gnu/libz.so.1.2.11
7f7eea9d6000-7f7eea9d7000 rw-p 0001c000 103:01 10622072                  /lib/x86_64-linux-gnu/libz.so.1.2.11
7f7eea9d7000-7f7eea9fe000 r-xp 00000000 103:01 10621872                  /lib/x86_64-linux-gnu/ld-2.27.so
7f7eeaa00000-7f7eeaa0d000 r-xp 00000000 103:01 1590142                   /home/kein/.jdks/openjdk-14.0.1/lib/libverify.so
7f7eeaa0d000-7f7eeaa0f000 r--p 0000c000 103:01 1590142                   /home/kein/.jdks/openjdk-14.0.1/lib/libverify.so
7f7eeaa0f000-7f7eeaa10000 rw-p 0000e000 103:01 1590142                   /home/kein/.jdks/openjdk-14.0.1/lib/libverify.so
7f7eeaa10000-7f7eeaa25000 r-xp 00000000 103:01 1590134                   /home/kein/.jdks/openjdk-14.0.1/lib/libnet.so
7f7eeaa25000-7f7eeaa26000 r--p 00014000 103:01 1590134                   /home/kein/.jdks/openjdk-14.0.1/lib/libnet.so
7f7eeaa26000-7f7eeaa27000 rw-p 00015000 103:01 1590134                   /home/kein/.jdks/openjdk-14.0.1/lib/libnet.so
7f7eeaa27000-7f7eeaa38000 r-xp 00000000 103:01 1590135                   /home/kein/.jdks/openjdk-14.0.1/lib/libnio.so
7f7eeaa38000-7f7eeaa39000 ---p 00011000 103:01 1590135                   /home/kein/.jdks/openjdk-14.0.1/lib/libnio.so
7f7eeaa39000-7f7eeaa3a000 r--p 00011000 103:01 1590135                   /home/kein/.jdks/openjdk-14.0.1/lib/libnio.so
7f7eeaa3a000-7f7eeaa3b000 rw-p 00012000 103:01 1590135                   /home/kein/.jdks/openjdk-14.0.1/lib/libnio.so
7f7eeaa3b000-7f7eeaa7f000 rw-p 00000000 00:00 0 
7f7eeaa7f000-7f7eeaa86000 ---p 00000000 00:00 0 
7f7eeaa86000-7f7eeaaaa000 r-xp 00000000 103:01 1590121                   /home/kein/.jdks/openjdk-14.0.1/lib/libjava.so
7f7eeaaaa000-7f7eeaaab000 r--p 00023000 103:01 1590121                   /home/kein/.jdks/openjdk-14.0.1/lib/libjava.so
7f7eeaaab000-7f7eeaaad000 rw-p 00024000 103:01 1590121                   /home/kein/.jdks/openjdk-14.0.1/lib/libjava.so
7f7eeaaad000-7f7eeaac8000 r-xp 00000000 103:01 1590125                   /home/kein/.jdks/openjdk-14.0.1/lib/libjimage.so
7f7eeaac8000-7f7eeaaca000 r--p 0001a000 103:01 1590125                   /home/kein/.jdks/openjdk-14.0.1/lib/libjimage.so
7f7eeaaca000-7f7eeaacb000 rw-p 0001c000 103:01 1590125                   /home/kein/.jdks/openjdk-14.0.1/lib/libjimage.so
7f7eeaacb000-7f7eeaacf000 ---p 00000000 00:00 0 
7f7eeaacf000-7f7eeabce000 rw-p 00000000 00:00 0 
7f7eeabce000-7f7eeabdc000 r-xp 00000000 103:01 1590126                   /home/kein/.jdks/openjdk-14.0.1/lib/libjli.so
7f7eeabdc000-7f7eeabdd000 ---p 0000e000 103:01 1590126                   /home/kein/.jdks/openjdk-14.0.1/lib/libjli.so
7f7eeabdd000-7f7eeabde000 r--p 0000e000 103:01 1590126                   /home/kein/.jdks/openjdk-14.0.1/lib/libjli.so
7f7eeabde000-7f7eeabdf000 rw-p 0000f000 103:01 1590126                   /home/kein/.jdks/openjdk-14.0.1/lib/libjli.so
7f7eeabdf000-7f7eeabe1000 rw-p 00000000 00:00 0 
7f7eeabea000-7f7eeabf1000 r-xp 00000000 103:01 1590143                   /home/kein/.jdks/openjdk-14.0.1/lib/libzip.so
7f7eeabf1000-7f7eeabf2000 r--p 00006000 103:01 1590143                   /home/kein/.jdks/openjdk-14.0.1/lib/libzip.so
7f7eeabf2000-7f7eeabf3000 rw-p 00007000 103:01 1590143                   /home/kein/.jdks/openjdk-14.0.1/lib/libzip.so
7f7eeabf3000-7f7eeabfb000 rw-s 00000000 103:01 5646345                   /tmp/hsperfdata_kein/411
7f7eeabfb000-7f7eeabfc000 ---p 00000000 00:00 0 
7f7eeabfc000-7f7eeabfd000 r--p 00000000 00:00 0 
7f7eeabfd000-7f7eeabfe000 ---p 00000000 00:00 0 
7f7eeabfe000-7f7eeabff000 r--p 00027000 103:01 10621872                  /lib/x86_64-linux-gnu/ld-2.27.so
7f7eeabff000-7f7eeac00000 rw-p 00028000 103:01 10621872                  /lib/x86_64-linux-gnu/ld-2.27.so
7f7eeac00000-7f7eeac01000 rw-p 00000000 00:00 0 
7ffe9db8a000-7ffe9dbab000 rw-p 00000000 00:00 0                          [stack]
7ffe9dbd6000-7ffe9dbd9000 r--p 00000000 00:00 0                          [vvar]
7ffe9dbd9000-7ffe9dbda000 r-xp 00000000 00:00 0                          [vdso]
ffffffffff600000-ffffffffff601000 --xp 00000000 00:00 0                  [vsyscall]


VM Arguments:
jvm_args: -Djline.terminal=jline.UnsupportedTerminal -Dsbt.log.noformat=true -Dfile.encoding=UTF-8 -Didea.managed=true -Dfile.encoding=UTF-8 
java_command: /home/kein/.local/share/JetBrains/IdeaIC2020.1/Scala/launcher/sbt-launch.jar
java_class_path (initial): /home/kein/.local/share/JetBrains/IdeaIC2020.1/Scala/launcher/sbt-launch.jar
Launcher Type: SUN_STANDARD

[Global flags]
     intx CICompilerCount                          = 4                                         {product} {ergonomic}
     uint ConcGCThreads                            = 2                                         {product} {ergonomic}
     uint G1ConcRefinementThreads                  = 8                                         {product} {ergonomic}
   size_t G1HeapRegionSize                         = 2097152                                   {product} {ergonomic}
    uintx GCDrainStackTargetSize                   = 64                                        {product} {ergonomic}
   size_t InitialHeapSize                          = 526385152                                 {product} {ergonomic}
   size_t MarkStackSize                            = 4194304                                   {product} {ergonomic}
   size_t MaxHeapSize                              = 8407482368                                {product} {ergonomic}
   size_t MaxNewSize                               = 5043650560                                {product} {ergonomic}
   size_t MinHeapDeltaBytes                        = 2097152                                   {product} {ergonomic}
   size_t MinHeapSize                              = 8388608                                   {product} {ergonomic}
    uintx NonNMethodCodeHeapSize                   = 5839372                                {pd product} {ergonomic}
    uintx NonProfiledCodeHeapSize                  = 122909434                              {pd product} {ergonomic}
    uintx ProfiledCodeHeapSize                     = 122909434                              {pd product} {ergonomic}
    uintx ReservedCodeCacheSize                    = 251658240                              {pd product} {ergonomic}
     bool SegmentedCodeCache                       = true                                      {product} {ergonomic}
   size_t SoftMaxHeapSize                          = 8407482368                             {manageable} {ergonomic}
     bool UseCompressedClassPointers               = true                                 {lp64_product} {ergonomic}
     bool UseCompressedOops                        = true                                 {lp64_product} {ergonomic}
     bool UseG1GC                                  = true                                      {product} {ergonomic}

Logging:
Log output configuration:
 #0: stdout all=warning uptime,level,tags
 #1: stderr all=off uptime,level,tags

Environment Variables:
PATH=/usr/local/sbin:/usr/local/bin:/usr/sbin:/usr/bin:/sbin:/bin:/usr/games:/usr/local/games:/snap/bin
USERNAME=kein
SHELL=/bin/bash
DISPLAY=:0

Signal Handlers:
SIGSEGV: [libjvm.so+0xd315c0], sa_mask[0]=11111111011111111101111111111110, sa_flags=SA_RESTART|SA_SIGINFO
SIGBUS: [libjvm.so+0xd315c0], sa_mask[0]=11111111011111111101111111111110, sa_flags=SA_RESTART|SA_SIGINFO
SIGFPE: [libjvm.so+0xd315c0], sa_mask[0]=11111111011111111101111111111110, sa_flags=SA_RESTART|SA_SIGINFO
SIGPIPE: [libjvm.so+0xb1c1d0], sa_mask[0]=11111111011111111101111111111110, sa_flags=SA_RESTART|SA_SIGINFO
SIGXFSZ: [libjvm.so+0xb1c1d0], sa_mask[0]=11111111011111111101111111111110, sa_flags=SA_RESTART|SA_SIGINFO
SIGILL: [libjvm.so+0xd315c0], sa_mask[0]=11111111011111111101111111111110, sa_flags=SA_RESTART|SA_SIGINFO
SIGUSR2: [libjvm.so+0xb1c060], sa_mask[0]=00100000000000000000000000000000, sa_flags=SA_RESTART|SA_SIGINFO
SIGHUP: SIG_IGN, sa_mask[0]=00000000000000000000000000000000, sa_flags=none
SIGINT: [libjvm.so+0xb1c7d0], sa_mask[0]=11111111011111111101111111111110, sa_flags=SA_RESTART|SA_SIGINFO
SIGTERM: [libjvm.so+0xb1c7d0], sa_mask[0]=11111111011111111101111111111110, sa_flags=SA_RESTART|SA_SIGINFO
SIGQUIT: [libjvm.so+0xb1c7d0], sa_mask[0]=11111111011111111101111111111110, sa_flags=SA_RESTART|SA_SIGINFO


---------------  S Y S T E M  ---------------

OS:DISTRIB_ID=Ubuntu
DISTRIB_RELEASE=18.04
DISTRIB_CODENAME=bionic
DISTRIB_DESCRIPTION="Ubuntu 18.04.4 LTS"
uname:Linux 5.3.0-51-generic #44~18.04.2-Ubuntu SMP Thu Apr 23 14:27:18 UTC 2020 x86_64
OS uptime: 0 days 22:03 hours
libc:glibc 2.27 NPTL 2.27 
rlimit: STACK 8192k, CORE 0k, NPROC 128086, NOFILE 1048576, AS infinity, DATA infinity, FSIZE infinity
load average:2,58 1,71 1,58

/proc/meminfo:
MemTotal:       32838884 kB
MemFree:          357104 kB
MemAvailable:   20404660 kB
Buffers:         1483424 kB
Cached:         18265328 kB
SwapCached:            0 kB
Active:         15396488 kB
Inactive:       15181012 kB
Active(anon):   10773696 kB
Inactive(anon):   486120 kB
Active(file):    4622792 kB
Inactive(file): 14694892 kB
Unevictable:         156 kB
Mlocked:             156 kB
SwapTotal:       2097148 kB
SwapFree:        2097148 kB
Dirty:             11388 kB
Writeback:             0 kB
AnonPages:      10829204 kB
Mapped:          2427080 kB
Shmem:            488604 kB
KReclaimable:    1195904 kB
Slab:            1423992 kB
SReclaimable:    1195904 kB
SUnreclaim:       228088 kB
KernelStack:       25456 kB
PageTables:       105468 kB
NFS_Unstable:          0 kB
Bounce:                0 kB
WritebackTmp:          0 kB
CommitLimit:    18516588 kB
Committed_AS:   22092064 kB
VmallocTotal:   34359738367 kB
VmallocUsed:       68340 kB
VmallocChunk:          0 kB
Percpu:             8576 kB
HardwareCorrupted:     0 kB
AnonHugePages:     10240 kB
ShmemHugePages:        0 kB
ShmemPmdMapped:        0 kB
CmaTotal:              0 kB
CmaFree:               0 kB
HugePages_Total:       0
HugePages_Free:        0
HugePages_Rsvd:        0
HugePages_Surp:        0
Hugepagesize:       2048 kB
Hugetlb:               0 kB
DirectMap4k:      764740 kB
DirectMap2M:    28547072 kB
DirectMap1G:     4194304 kB


/proc/sys/kernel/threads-max (system-wide limit on the number of threads):
256173


/proc/sys/vm/max_map_count (maximum number of memory map areas a process may have):
65530


/proc/sys/kernel/pid_max (system-wide limit on number of process identifiers):
32768



container (cgroup) information:
container_type: cgroupv1
cpu_cpuset_cpus: 0-7
cpu_memory_nodes: 0
active_processor_count: 8
cpu_quota: no quota
cpu_period: 100000
cpu_shares: no shares
memory_limit_in_bytes: unlimited
memory_and_swap_limit_in_bytes: not supported
memory_soft_limit_in_bytes: unlimited
memory_usage_in_bytes: 28645748736
memory_max_usage_in_bytes: 28645748736

Steal ticks since vm start: 0
Steal ticks percentage since vm start:  0,000

CPU:total 8 (initial active 8) (4 cores per cpu, 2 threads per core) family 6 model 158 stepping 9, cmov, cx8, fxsr, mmx, sse, sse2, sse3, ssse3, sse4.1, sse4.2, popcnt, avx, avx2, aes, clmul, erms, rtm, 3dnowpref, lzcnt, ht, tsc, tscinvbit, bmi1, bmi2, adx, fma
CPU Model and flags from /proc/cpuinfo:
model name	: Intel(R) Core(TM) i7-7700K CPU @ 4.20GHz
flags		: fpu vme de pse tsc msr pae mce cx8 apic sep mtrr pge mca cmov pat pse36 clflush dts acpi mmx fxsr sse sse2 ss ht tm pbe syscall nx pdpe1gb rdtscp lm constant_tsc art arch_perfmon pebs bts rep_good nopl xtopology nonstop_tsc cpuid aperfmperf pni pclmulqdq dtes64 monitor ds_cpl vmx est tm2 ssse3 sdbg fma cx16 xtpr pdcm pcid sse4_1 sse4_2 x2apic movbe popcnt tsc_deadline_timer aes xsave avx f16c rdrand lahf_lm abm 3dnowprefetch cpuid_fault invpcid_single pti ssbd ibrs ibpb stibp tpr_shadow vnmi flexpriority ept vpid ept_ad fsgsbase tsc_adjust bmi1 hle avx2 smep bmi2 erms invpcid rtm mpx rdseed adx smap clflushopt intel_pt xsaveopt xsavec xgetbv1 xsaves dtherm ida arat pln pts hwp hwp_notify hwp_act_window hwp_epp md_clear flush_l1d

Memory: 4k page, physical 32838884k(357104k free), swap 2097148k(2097148k free)

vm_info: OpenJDK 64-Bit Server VM (14.0.1+7) for linux-amd64 JRE (14.0.1+7), built on Mar  5 2020 10:33:03 by "mach5one" with gcc 8.3.0

END.
